2023-06-09 10:58:29 info: =================================
2023-06-09 10:58:29 info: ======= ENV: development =======
2023-06-09 10:58:29 info: 🚀 App listening on the port 3000
2023-06-09 10:58:29 info: =================================
2023-06-09 10:58:39 info: [0mGET / [33m404[0m 3.008 ms - 139[0m
2023-06-09 10:59:32 info: [0mGET /api-docs [36m301[0m 1.419 ms - 183[0m
2023-06-09 10:59:32 info: [0mGET /api-docs/ [32m200[0m 2.601 ms - -[0m
2023-06-09 10:59:32 info: [0mGET /api-docs/swagger-ui-init.js [32m200[0m 0.806 ms - -[0m
2023-06-09 10:59:32 info: [0mGET /api-docs/swagger-ui.css [32m200[0m 5.338 ms - -[0m
2023-06-09 10:59:32 info: [0mGET /api-docs/swagger-ui-standalone-preset.js [32m200[0m 5.576 ms - -[0m
2023-06-09 10:59:32 info: [0mGET /api-docs/swagger-ui-bundle.js [32m200[0m 5.417 ms - -[0m
2023-06-09 10:59:32 info: [0mGET /api-docs/favicon-32x32.png [32m200[0m 0.616 ms - 628[0m
2023-06-09 10:59:33 info: [0mGET /api-docs/favicon-32x32.png [36m304[0m 0.875 ms - -[0m
2023-06-09 11:01:54 info: [0mGET /signup [33m404[0m 0.579 ms - 145[0m
2023-06-09 11:02:06 info: [0mGET / [33m404[0m 0.524 ms - 139[0m
2023-06-09 11:04:02 info: =================================
2023-06-09 11:04:02 info: ======= ENV: development =======
2023-06-09 11:04:02 info: 🚀 App listening on the port 3000
2023-06-09 11:04:02 info: =================================
2023-06-09 11:04:02 info: =================================
2023-06-09 11:04:02 info: ======= ENV: development =======
2023-06-09 11:04:02 info: 🚀 App listening on the port 3000
2023-06-09 11:04:02 info: =================================
2023-06-09 11:05:05 info: [0mGET / [33m404[0m 4.454 ms - 139[0m
2023-06-09 11:05:14 info: [0mGET /api-docs/ [36m304[0m 6.337 ms - -[0m
2023-06-09 11:05:14 info: [0mGET /api-docs/swagger-ui.css [36m304[0m 1.628 ms - -[0m
2023-06-09 11:05:14 info: [0mGET /api-docs/swagger-ui-bundle.js [36m304[0m 2.414 ms - -[0m
2023-06-09 11:05:14 info: [0mGET /api-docs/swagger-ui-standalone-preset.js [36m304[0m 0.770 ms - -[0m
2023-06-09 11:05:14 info: [0mGET /api-docs/swagger-ui-init.js [36m304[0m 1.602 ms - -[0m
2023-06-09 11:05:15 info: [0mGET /api-docs/favicon-32x32.png [36m304[0m 0.815 ms - -[0m
2023-06-09 11:05:15 info: [0mGET /api-docs/favicon-32x32.png [36m304[0m 0.724 ms - -[0m
2023-06-09 11:06:22 info: [0mGET / [33m404[0m 0.578 ms - 139[0m
2023-06-09 11:10:16 info: [0mGET / [33m404[0m 1.371 ms - 139[0m
2023-06-09 11:10:19 info: [0mGET /pm2 [33m404[0m 0.631 ms - 142[0m
2023-06-09 11:12:38 info: =================================
2023-06-09 11:12:38 info: ======= ENV: development =======
2023-06-09 11:12:38 info: 🚀 App listening on the port 3000
2023-06-09 11:12:38 info: =================================
2023-06-09 11:13:48 info: =================================
2023-06-09 11:13:48 info: ======= ENV: development =======
2023-06-09 11:13:48 info: 🚀 App listening on the port 8545
2023-06-09 11:13:48 info: =================================
2023-06-09 11:14:23 info: [0mOPTIONS / [32m204[0m 1.464 ms - 0[0m
2023-06-09 11:14:23 info: [0mPOST / [33m404[0m 7.952 ms - 140[0m
2023-06-09 11:14:23 info: [0mOPTIONS / [32m204[0m 0.108 ms - 0[0m
2023-06-09 11:14:23 info: [0mPOST / [33m404[0m 0.955 ms - 140[0m
2023-06-09 11:14:23 info: [0mOPTIONS / [32m204[0m 0.186 ms - 0[0m
2023-06-09 11:14:23 info: [0mPOST / [33m404[0m 0.515 ms - 140[0m
2023-06-09 11:14:23 info: [0mOPTIONS / [32m204[0m 0.101 ms - 0[0m
2023-06-09 11:14:23 info: [0mPOST / [33m404[0m 0.486 ms - 140[0m
2023-06-09 11:14:23 info: [0mOPTIONS / [32m204[0m 0.102 ms - 0[0m
2023-06-09 11:14:23 info: [0mPOST / [33m404[0m 0.550 ms - 140[0m
2023-06-09 11:14:23 info: [0mOPTIONS / [32m204[0m 0.109 ms - 0[0m
2023-06-09 11:14:23 info: [0mOPTIONS / [32m204[0m 0.136 ms - 0[0m
2023-06-09 11:14:23 info: [0mPOST / [33m404[0m 0.703 ms - 140[0m
2023-06-09 11:14:23 info: [0mPOST / [33m404[0m 0.681 ms - 140[0m
2023-06-09 11:14:24 info: [0mOPTIONS / [32m204[0m 0.108 ms - 0[0m
2023-06-09 11:14:24 info: [0mPOST / [33m404[0m 0.616 ms - 140[0m
2023-06-09 11:14:24 info: [0mOPTIONS / [32m204[0m 0.134 ms - 0[0m
2023-06-09 11:14:24 info: [0mOPTIONS / [32m204[0m 0.155 ms - 0[0m
2023-06-09 11:14:24 info: [0mPOST / [33m404[0m 1.125 ms - 140[0m
2023-06-09 11:14:24 info: [0mPOST / [33m404[0m 0.714 ms - 140[0m
2023-06-09 11:14:24 info: [0mOPTIONS / [32m204[0m 0.124 ms - 0[0m
2023-06-09 11:14:24 info: [0mOPTIONS / [32m204[0m 0.102 ms - 0[0m
2023-06-09 11:14:24 info: [0mPOST / [33m404[0m 0.529 ms - 140[0m
2023-06-09 11:14:24 info: [0mPOST / [33m404[0m 1.003 ms - 140[0m
2023-06-09 11:14:24 info: [0mOPTIONS / [32m204[0m 0.120 ms - 0[0m
2023-06-09 11:14:24 info: [0mOPTIONS / [32m204[0m 0.108 ms - 0[0m
2023-06-09 11:14:24 info: [0mPOST / [33m404[0m 0.712 ms - 140[0m
2023-06-09 11:14:24 info: [0mPOST / [33m404[0m 1.088 ms - 140[0m
2023-06-09 11:14:28 info: [0mOPTIONS / [32m204[0m 0.170 ms - 0[0m
2023-06-09 11:14:28 info: [0mOPTIONS / [32m204[0m 0.124 ms - 0[0m
2023-06-09 11:14:28 info: [0mPOST / [33m404[0m 0.538 ms - 140[0m
2023-06-09 11:14:28 info: [0mPOST / [33m404[0m 0.690 ms - 140[0m
2023-06-09 11:14:32 info: [0mOPTIONS / [32m204[0m 0.084 ms - 0[0m
2023-06-09 11:14:32 info: [0mOPTIONS / [32m204[0m 0.092 ms - 0[0m
2023-06-09 11:14:32 info: [0mPOST / [33m404[0m 0.542 ms - 140[0m
2023-06-09 11:14:32 info: [0mPOST / [33m404[0m 1.122 ms - 140[0m
2023-06-09 11:14:36 info: [0mOPTIONS / [32m204[0m 0.078 ms - 0[0m
2023-06-09 11:14:36 info: [0mOPTIONS / [32m204[0m 0.065 ms - 0[0m
2023-06-09 11:14:36 info: [0mPOST / [33m404[0m 0.424 ms - 140[0m
2023-06-09 11:14:36 info: [0mPOST / [33m404[0m 0.339 ms - 140[0m
2023-06-09 11:14:40 info: [0mOPTIONS / [32m204[0m 0.098 ms - 0[0m
2023-06-09 11:14:40 info: [0mOPTIONS / [32m204[0m 0.138 ms - 0[0m
2023-06-09 11:14:40 info: [0mPOST / [33m404[0m 0.905 ms - 140[0m
2023-06-09 11:14:40 info: [0mPOST / [33m404[0m 0.678 ms - 140[0m
2023-06-09 11:14:44 info: [0mOPTIONS / [32m204[0m 0.087 ms - 0[0m
2023-06-09 11:14:44 info: [0mOPTIONS / [32m204[0m 0.134 ms - 0[0m
2023-06-09 11:14:44 info: [0mPOST / [33m404[0m 0.539 ms - 140[0m
2023-06-09 11:14:44 info: [0mPOST / [33m404[0m 0.385 ms - 140[0m
2023-06-09 11:14:48 info: [0mOPTIONS / [32m204[0m 0.178 ms - 0[0m
2023-06-09 11:14:48 info: [0mOPTIONS / [32m204[0m 0.073 ms - 0[0m
2023-06-09 11:14:48 info: [0mPOST / [33m404[0m 1.129 ms - 140[0m
2023-06-09 11:14:48 info: [0mPOST / [33m404[0m 1.222 ms - 140[0m
2023-06-09 11:14:52 info: [0mOPTIONS / [32m204[0m 0.077 ms - 0[0m
2023-06-09 11:14:52 info: [0mOPTIONS / [32m204[0m 0.071 ms - 0[0m
2023-06-09 11:14:52 info: [0mPOST / [33m404[0m 0.568 ms - 140[0m
2023-06-09 11:14:52 info: [0mPOST / [33m404[0m 0.349 ms - 140[0m
2023-06-09 11:14:56 info: [0mOPTIONS / [32m204[0m 0.085 ms - 0[0m
2023-06-09 11:14:56 info: [0mOPTIONS / [32m204[0m 0.138 ms - 0[0m
2023-06-09 11:14:56 info: [0mPOST / [33m404[0m 0.564 ms - 140[0m
2023-06-09 11:14:56 info: [0mPOST / [33m404[0m 0.462 ms - 140[0m
2023-06-09 11:14:58 info: =================================
2023-06-09 11:14:58 info: ======= ENV: development =======
2023-06-09 11:14:58 info: 🚀 App listening on the port 8546
2023-06-09 11:14:58 info: =================================
2023-06-09 11:15:18 info: [0mOPTIONS /create-post [32m204[0m 1.377 ms - 0[0m
2023-06-09 11:15:18 info: [0mPOST /create-post [33m404[0m 9.013 ms - 151[0m
2023-06-09 11:23:42 info: =================================
2023-06-09 11:23:42 info: ======= ENV: development =======
2023-06-09 11:23:42 info: 🚀 App listening on the port 8546
2023-06-09 11:23:42 info: =================================
2023-06-09 11:33:40 info: =================================
2023-06-09 11:33:40 info: ======= ENV: development =======
2023-06-09 11:33:40 info: 🚀 App listening on the port 8546
2023-06-09 11:33:40 info: =================================
2023-06-09 11:34:01 info: =================================
2023-06-09 11:34:01 info: ======= ENV: development =======
2023-06-09 11:34:01 info: 🚀 App listening on the port 8546
2023-06-09 11:34:01 info: =================================
2023-06-09 11:39:37 info: =================================
2023-06-09 11:39:37 info: ======= ENV: development =======
2023-06-09 11:39:37 info: 🚀 App listening on the port 8546
2023-06-09 11:39:37 info: =================================
2023-06-09 11:40:03 info: =================================
2023-06-09 11:40:03 info: ======= ENV: development =======
2023-06-09 11:40:03 info: 🚀 App listening on the port 8546
2023-06-09 11:40:03 info: =================================
