2023-06-11 12:51:58 info: =================================
2023-06-11 12:51:58 info: ======= ENV: development =======
2023-06-11 12:51:58 info: 🚀 App listening on the port 8546
2023-06-11 12:51:58 info: ==============TUVIEJA===================
2023-06-11 12:52:09 info: [0mOPTIONS /create [32m204[0m 0.602 ms - 0[0m
2023-06-11 12:52:09 info: [0mPOST /create [33m404[0m 6.589 ms - 146[0m
2023-06-11 12:52:13 info: [0mOPTIONS /users/postThingy [32m204[0m 0.240 ms - 0[0m
2023-06-11 12:52:13 info: [0mPOST /users/postThingy [32m200[0m 6.265 ms - 21[0m
2023-06-11 13:00:35 info: =================================
2023-06-11 13:00:35 info: ======= ENV: development =======
2023-06-11 13:00:35 info: 🚀 App listening on the port 8546
2023-06-11 13:00:35 info: ==============TUVIEJA===================
2023-06-11 13:00:50 info: =================================
2023-06-11 13:00:50 info: ======= ENV: development =======
2023-06-11 13:00:50 info: 🚀 App listening on the port 8546
2023-06-11 13:00:50 info: ==============TUVIEJA===================
2023-06-11 13:00:59 info: [0mOPTIONS /users/postThingy [32m204[0m 0.579 ms - 0[0m
2023-06-11 13:00:59 info: [0mPOST /users/postThingy [32m200[0m 6.285 ms - 21[0m
2023-06-11 13:01:23 info: =================================
2023-06-11 13:01:23 info: ======= ENV: development =======
2023-06-11 13:01:23 info: 🚀 App listening on the port 8546
2023-06-11 13:01:23 info: ==============TUVIEJA===================
2023-06-11 13:01:37 info: [0mOPTIONS /users/postThingy [32m204[0m 0.595 ms - 0[0m
2023-06-11 13:01:37 info: [0mPOST /users/postThingy [32m200[0m 6.613 ms - 21[0m
2023-06-11 13:03:31 info: =================================
2023-06-11 13:03:31 info: ======= ENV: development =======
2023-06-11 13:03:31 info: 🚀 App listening on the port 8546
2023-06-11 13:03:31 info: ==============TUVIEJA===================
2023-06-11 13:04:52 info: =================================
2023-06-11 13:04:52 info: ======= ENV: development =======
2023-06-11 13:04:52 info: 🚀 App listening on the port 8546
2023-06-11 13:04:52 info: ==============TUVIEJA===================
2023-06-11 13:05:13 info: =================================
2023-06-11 13:05:13 info: ======= ENV: development =======
2023-06-11 13:05:13 info: 🚀 App listening on the port 8546
2023-06-11 13:05:13 info: ==============TUVIEJA===================
2023-06-11 13:05:53 info: =================================
2023-06-11 13:05:53 info: ======= ENV: development =======
2023-06-11 13:05:53 info: 🚀 App listening on the port 8546
2023-06-11 13:05:53 info: ==============TUVIEJA===================
2023-06-11 13:05:56 info: [0mOPTIONS /users/postThingy [32m204[0m 0.580 ms - 0[0m
2023-06-11 13:05:56 info: [0mPOST /users/postThingy [32m200[0m 6.220 ms - 21[0m
2023-06-11 13:07:11 info: =================================
2023-06-11 13:07:11 info: ======= ENV: development =======
2023-06-11 13:07:11 info: 🚀 App listening on the port 8546
2023-06-11 13:07:11 info: ==============TUVIEJA===================
2023-06-11 13:07:14 info: [0mOPTIONS /users/postThingy [32m204[0m 0.582 ms - 0[0m
2023-06-11 13:07:14 info: [0mPOST /users/postThingy [32m200[0m 6.353 ms - 21[0m
2023-06-11 13:07:53 info: =================================
2023-06-11 13:07:53 info: ======= ENV: development =======
2023-06-11 13:07:53 info: 🚀 App listening on the port 8546
2023-06-11 13:07:53 info: ==============TUVIEJA===================
2023-06-11 13:08:24 info: =================================
2023-06-11 13:08:24 info: ======= ENV: development =======
2023-06-11 13:08:24 info: 🚀 App listening on the port 8546
2023-06-11 13:08:24 info: ==============TUVIEJA===================
2023-06-11 13:08:27 info: [0mOPTIONS /users/postThingy [32m204[0m 0.583 ms - 0[0m
2023-06-11 13:08:27 info: [0mPOST /users/postThingy [32m200[0m 6.244 ms - 21[0m
2023-06-11 13:09:09 info: =================================
2023-06-11 13:09:09 info: ======= ENV: development =======
2023-06-11 13:09:09 info: 🚀 App listening on the port 8546
2023-06-11 13:09:09 info: ==============TUVIEJA===================
2023-06-11 13:09:14 info: [0mOPTIONS /users/postThingy [32m204[0m 0.581 ms - 0[0m
2023-06-11 13:09:14 info: [0mPOST /users/postThingy [32m200[0m 10.793 ms - 21[0m
2023-06-11 13:10:01 info: =================================
2023-06-11 13:10:01 info: ======= ENV: development =======
2023-06-11 13:10:01 info: 🚀 App listening on the port 8546
2023-06-11 13:10:01 info: ==============TUVIEJA===================
2023-06-11 13:10:07 info: [0mOPTIONS /users/postThingy [32m204[0m 0.586 ms - 0[0m
2023-06-11 13:10:07 info: [0mPOST /users/postThingy [32m200[0m 6.267 ms - 21[0m
2023-06-11 13:10:20 info: =================================
2023-06-11 13:10:20 info: ======= ENV: development =======
2023-06-11 13:10:20 info: 🚀 App listening on the port 8546
2023-06-11 13:10:20 info: ==============TUVIEJA===================
2023-06-11 13:10:24 info: [0mOPTIONS /users/postThingy [32m204[0m 0.621 ms - 0[0m
2023-06-11 13:10:24 info: [0mPOST /users/postThingy [32m200[0m 6.163 ms - 21[0m
2023-06-11 13:11:30 info: =================================
2023-06-11 13:11:30 info: ======= ENV: development =======
2023-06-11 13:11:30 info: 🚀 App listening on the port 8546
2023-06-11 13:11:30 info: ==============TUVIEJA===================
2023-06-11 13:11:32 info: [0mOPTIONS /users/postThingy [32m204[0m 0.581 ms - 0[0m
2023-06-11 13:11:32 info: [0mPOST /users/postThingy [32m200[0m 6.285 ms - 21[0m
2023-06-11 13:15:22 info: =================================
2023-06-11 13:15:22 info: ======= ENV: development =======
2023-06-11 13:15:22 info: 🚀 App listening on the port 8546
2023-06-11 13:15:22 info: ==============TUVIEJA===================
2023-06-11 13:15:26 info: [0mOPTIONS /users/postThingy [32m204[0m 0.696 ms - 0[0m
2023-06-11 13:15:26 info: [0mPOST /users/postThingy [32m200[0m 6.183 ms - 21[0m
2023-06-11 13:16:00 info: =================================
2023-06-11 13:16:00 info: ======= ENV: development =======
2023-06-11 13:16:00 info: 🚀 App listening on the port 8546
2023-06-11 13:16:00 info: ==============TUVIEJA===================
2023-06-11 13:16:02 info: [0mOPTIONS /users/postThingy [32m204[0m 0.587 ms - 0[0m
2023-06-11 13:16:03 info: [0mPOST /users/postThingy [32m200[0m 6.224 ms - 21[0m
2023-06-11 13:17:26 info: =================================
2023-06-11 13:17:26 info: ======= ENV: development =======
2023-06-11 13:17:26 info: 🚀 App listening on the port 8546
2023-06-11 13:17:26 info: ==============TUVIEJA===================
2023-06-11 13:18:27 info: =================================
2023-06-11 13:18:27 info: ======= ENV: development =======
2023-06-11 13:18:27 info: 🚀 App listening on the port 8546
2023-06-11 13:18:27 info: ==============TUVIEJA===================
2023-06-11 13:19:03 info: =================================
2023-06-11 13:19:03 info: ======= ENV: development =======
2023-06-11 13:19:03 info: 🚀 App listening on the port 8546
2023-06-11 13:19:03 info: ==============TUVIEJA===================
2023-06-11 13:19:05 info: [0mOPTIONS /users/postThingy [32m204[0m 0.580 ms - 0[0m
2023-06-11 13:19:05 info: [0mPOST /users/postThingy [32m200[0m 6.228 ms - 21[0m
2023-06-11 13:20:30 info: =================================
2023-06-11 13:20:30 info: ======= ENV: development =======
2023-06-11 13:20:30 info: 🚀 App listening on the port 8546
2023-06-11 13:20:30 info: ==============TUVIEJA===================
2023-06-11 13:20:32 info: [0mOPTIONS /users/postThingy [32m204[0m 0.588 ms - 0[0m
2023-06-11 13:20:32 info: [0mPOST /users/postThingy [32m200[0m 6.280 ms - 21[0m
2023-06-11 20:45:54 info: =================================
2023-06-11 20:45:54 info: ======= ENV: development =======
2023-06-11 20:45:54 info: 🚀 App listening on the port 8546
2023-06-11 20:45:54 info: ==============TUVIEJA===================
2023-06-11 20:45:58 info: [0mOPTIONS /users/postThingy [32m204[0m 0.588 ms - 0[0m
2023-06-11 20:46:07 info: [0mPOST /users/postThingy [32m200[0m 9554.275 ms - 21[0m
2023-06-11 20:46:59 info: [0mOPTIONS /users/postThingy [32m204[0m 0.139 ms - 0[0m
2023-06-11 20:47:08 info: [0mPOST /users/postThingy [32m200[0m 9582.527 ms - 21[0m
2023-06-11 20:47:26 info: =================================
2023-06-11 20:47:26 info: ======= ENV: development =======
2023-06-11 20:47:26 info: 🚀 App listening on the port 8546
2023-06-11 20:47:26 info: ==============TUVIEJA===================
2023-06-11 20:47:28 info: [0mOPTIONS /users/postThingy [32m204[0m 0.572 ms - 0[0m
2023-06-11 20:47:38 info: [0mPOST /users/postThingy [32m200[0m 10304.236 ms - 21[0m
2023-06-11 20:49:11 info: =================================
2023-06-11 20:49:11 info: ======= ENV: development =======
2023-06-11 20:49:11 info: 🚀 App listening on the port 8546
2023-06-11 20:49:11 info: ==============TUVIEJA===================
2023-06-11 20:49:47 info: =================================
2023-06-11 20:49:47 info: ======= ENV: development =======
2023-06-11 20:49:47 info: 🚀 App listening on the port 8546
2023-06-11 20:49:47 info: ==============TUVIEJA===================
2023-06-11 20:49:51 info: =================================
2023-06-11 20:49:51 info: ======= ENV: development =======
2023-06-11 20:49:51 info: 🚀 App listening on the port 8546
2023-06-11 20:49:51 info: ==============TUVIEJA===================
2023-06-11 20:49:59 info: =================================
2023-06-11 20:49:59 info: ======= ENV: development =======
2023-06-11 20:49:59 info: 🚀 App listening on the port 8546
2023-06-11 20:49:59 info: ==============TUVIEJA===================
2023-06-11 20:50:00 info: [0mOPTIONS /users/postThingy [32m204[0m 0.747 ms - 0[0m
2023-06-11 20:50:01 info: [0mPOST /users/postThingy [32m200[0m 30.933 ms - 21[0m
2023-06-11 20:51:20 info: =================================
2023-06-11 20:51:20 info: ======= ENV: development =======
2023-06-11 20:51:20 info: 🚀 App listening on the port 8546
2023-06-11 20:51:20 info: ==============TUVIEJA===================
2023-06-11 20:51:33 info: [0mOPTIONS /users/postThingy [32m204[0m 0.985 ms - 0[0m
2023-06-11 20:51:33 info: [0mPOST /users/postThingy [32m200[0m 39.630 ms - 21[0m
2023-06-11 20:52:32 info: =================================
2023-06-11 20:52:32 info: ======= ENV: development =======
2023-06-11 20:52:32 info: 🚀 App listening on the port 8546
2023-06-11 20:52:32 info: ==============TUVIEJA===================
2023-06-11 20:52:58 info: =================================
2023-06-11 20:52:58 info: ======= ENV: development =======
2023-06-11 20:52:58 info: 🚀 App listening on the port 8546
2023-06-11 20:52:58 info: ==============TUVIEJA===================
2023-06-11 20:53:06 info: =================================
2023-06-11 20:53:06 info: ======= ENV: development =======
2023-06-11 20:53:06 info: 🚀 App listening on the port 8546
2023-06-11 20:53:06 info: ==============TUVIEJA===================
2023-06-11 20:53:08 info: [0mOPTIONS /users/postThingy [32m204[0m 0.747 ms - 0[0m
2023-06-11 20:53:08 info: [0mPOST /users/postThingy [32m200[0m 29.830 ms - 21[0m
2023-06-11 20:53:47 info: =================================
2023-06-11 20:53:47 info: ======= ENV: development =======
2023-06-11 20:53:47 info: 🚀 App listening on the port 8546
2023-06-11 20:53:47 info: ==============TUVIEJA===================
2023-06-11 20:53:51 info: [0mOPTIONS /users/postThingy [32m204[0m 0.745 ms - 0[0m
2023-06-11 20:53:51 info: [0mPOST /users/postThingy [32m200[0m 29.610 ms - 21[0m
2023-06-11 20:54:14 info: =================================
2023-06-11 20:54:14 info: ======= ENV: development =======
2023-06-11 20:54:14 info: 🚀 App listening on the port 8546
2023-06-11 20:54:14 info: ==============TUVIEJA===================
2023-06-11 20:54:16 info: [0mOPTIONS /users/postThingy [32m204[0m 0.786 ms - 0[0m
2023-06-11 20:54:16 info: [0mPOST /users/postThingy [32m200[0m 30.067 ms - 21[0m
2023-06-11 20:55:54 info: =================================
2023-06-11 20:55:54 info: ======= ENV: development =======
2023-06-11 20:55:54 info: 🚀 App listening on the port 8546
2023-06-11 20:55:54 info: ==============TUVIEJA===================
2023-06-11 20:56:12 info: [0mOPTIONS /users/postThingy [32m204[0m 0.964 ms - 0[0m
2023-06-11 20:56:12 info: [0mPOST /users/postThingy [32m200[0m 39.451 ms - 21[0m
2023-06-11 20:57:59 info: =================================
2023-06-11 20:57:59 info: ======= ENV: development =======
2023-06-11 20:57:59 info: 🚀 App listening on the port 8546
2023-06-11 20:57:59 info: ==============TUVIEJA===================
2023-06-11 21:00:01 info: =================================
2023-06-11 21:00:01 info: ======= ENV: development =======
2023-06-11 21:00:01 info: 🚀 App listening on the port 8546
2023-06-11 21:00:01 info: ==============TUVIEJA===================
2023-06-11 21:00:07 info: [0mOPTIONS /users/postThingy [32m204[0m 0.749 ms - 0[0m
2023-06-11 21:00:07 info: [0mPOST /users/postThingy [32m200[0m 29.633 ms - 21[0m
2023-06-11 21:03:15 info: =================================
2023-06-11 21:03:15 info: ======= ENV: development =======
2023-06-11 21:03:15 info: 🚀 App listening on the port 8546
2023-06-11 21:03:15 info: ==============TUVIEJA===================
2023-06-11 21:04:19 info: =================================
2023-06-11 21:04:19 info: ======= ENV: development =======
2023-06-11 21:04:19 info: 🚀 App listening on the port 8546
2023-06-11 21:04:19 info: ==============TUVIEJA===================
2023-06-11 21:04:24 info: [0mOPTIONS /users/postThingy [32m204[0m 1.070 ms - 0[0m
2023-06-11 21:04:24 info: [0mPOST /users/postThingy [32m200[0m 7.247 ms - 21[0m
2023-06-11 21:05:45 info: =================================
2023-06-11 21:05:45 info: ======= ENV: development =======
2023-06-11 21:05:45 info: 🚀 App listening on the port 8546
2023-06-11 21:05:45 info: ==============TUVIEJA===================
2023-06-11 21:05:47 info: [0mOPTIONS /users/postThingy [32m204[0m 0.624 ms - 0[0m
2023-06-11 21:05:47 info: [0mPOST /users/postThingy [32m200[0m 6.237 ms - 21[0m
2023-06-11 21:06:35 info: =================================
2023-06-11 21:06:35 info: ======= ENV: development =======
2023-06-11 21:06:35 info: 🚀 App listening on the port 8546
2023-06-11 21:06:35 info: ==============TUVIEJA===================
2023-06-11 21:06:44 info: [0mOPTIONS /users/postThingy [32m204[0m 0.610 ms - 0[0m
2023-06-11 21:06:44 info: [0mPOST /users/postThingy [32m200[0m 6.567 ms - 21[0m
2023-06-11 21:11:19 info: =================================
2023-06-11 21:11:19 info: ======= ENV: development =======
2023-06-11 21:11:19 info: 🚀 App listening on the port 8546
2023-06-11 21:11:19 info: ==============TUVIEJA===================
2023-06-11 21:11:23 info: [0mOPTIONS /users/postThingy [32m204[0m 0.583 ms - 0[0m
2023-06-11 21:11:23 info: [0mPOST /users/postThingy [32m200[0m 6.331 ms - 21[0m
2023-06-11 21:14:42 info: [0mOPTIONS /users/postThingy [32m204[0m 0.121 ms - 0[0m
2023-06-11 21:14:42 info: [0mPOST /users/postThingy [32m200[0m 1.165 ms - 21[0m
