2023-06-09 10:58:29 info: =================================
2023-06-09 10:58:29 info: ======= ENV: development =======
2023-06-09 10:58:29 info: 🚀 App listening on the port 3000
2023-06-09 10:58:29 info: =================================
2023-06-09 10:58:39 info: [0mGET / [33m404[0m 3.008 ms - 139[0m
2023-06-09 10:59:32 info: [0mGET /api-docs [36m301[0m 1.419 ms - 183[0m
2023-06-09 10:59:32 info: [0mGET /api-docs/ [32m200[0m 2.601 ms - -[0m
2023-06-09 10:59:32 info: [0mGET /api-docs/swagger-ui-init.js [32m200[0m 0.806 ms - -[0m
2023-06-09 10:59:32 info: [0mGET /api-docs/swagger-ui.css [32m200[0m 5.338 ms - -[0m
2023-06-09 10:59:32 info: [0mGET /api-docs/swagger-ui-standalone-preset.js [32m200[0m 5.576 ms - -[0m
2023-06-09 10:59:32 info: [0mGET /api-docs/swagger-ui-bundle.js [32m200[0m 5.417 ms - -[0m
2023-06-09 10:59:32 info: [0mGET /api-docs/favicon-32x32.png [32m200[0m 0.616 ms - 628[0m
2023-06-09 10:59:33 info: [0mGET /api-docs/favicon-32x32.png [36m304[0m 0.875 ms - -[0m
2023-06-09 11:01:54 info: [0mGET /signup [33m404[0m 0.579 ms - 145[0m
2023-06-09 11:02:06 info: [0mGET / [33m404[0m 0.524 ms - 139[0m
2023-06-09 11:04:02 info: =================================
2023-06-09 11:04:02 info: ======= ENV: development =======
2023-06-09 11:04:02 info: 🚀 App listening on the port 3000
2023-06-09 11:04:02 info: =================================
2023-06-09 11:04:02 info: =================================
2023-06-09 11:04:02 info: ======= ENV: development =======
2023-06-09 11:04:02 info: 🚀 App listening on the port 3000
2023-06-09 11:04:02 info: =================================
2023-06-09 11:05:05 info: [0mGET / [33m404[0m 4.454 ms - 139[0m
2023-06-09 11:05:14 info: [0mGET /api-docs/ [36m304[0m 6.337 ms - -[0m
2023-06-09 11:05:14 info: [0mGET /api-docs/swagger-ui.css [36m304[0m 1.628 ms - -[0m
2023-06-09 11:05:14 info: [0mGET /api-docs/swagger-ui-bundle.js [36m304[0m 2.414 ms - -[0m
2023-06-09 11:05:14 info: [0mGET /api-docs/swagger-ui-standalone-preset.js [36m304[0m 0.770 ms - -[0m
2023-06-09 11:05:14 info: [0mGET /api-docs/swagger-ui-init.js [36m304[0m 1.602 ms - -[0m
2023-06-09 11:05:15 info: [0mGET /api-docs/favicon-32x32.png [36m304[0m 0.815 ms - -[0m
2023-06-09 11:05:15 info: [0mGET /api-docs/favicon-32x32.png [36m304[0m 0.724 ms - -[0m
2023-06-09 11:06:22 info: [0mGET / [33m404[0m 0.578 ms - 139[0m
2023-06-09 11:10:16 info: [0mGET / [33m404[0m 1.371 ms - 139[0m
2023-06-09 11:10:19 info: [0mGET /pm2 [33m404[0m 0.631 ms - 142[0m
2023-06-09 11:12:38 info: =================================
2023-06-09 11:12:38 info: ======= ENV: development =======
2023-06-09 11:12:38 info: 🚀 App listening on the port 3000
2023-06-09 11:12:38 info: =================================
2023-06-09 11:13:48 info: =================================
2023-06-09 11:13:48 info: ======= ENV: development =======
2023-06-09 11:13:48 info: 🚀 App listening on the port 8545
2023-06-09 11:13:48 info: =================================
2023-06-09 11:14:23 info: [0mOPTIONS / [32m204[0m 1.464 ms - 0[0m
2023-06-09 11:14:23 info: [0mPOST / [33m404[0m 7.952 ms - 140[0m
2023-06-09 11:14:23 info: [0mOPTIONS / [32m204[0m 0.108 ms - 0[0m
2023-06-09 11:14:23 info: [0mPOST / [33m404[0m 0.955 ms - 140[0m
2023-06-09 11:14:23 info: [0mOPTIONS / [32m204[0m 0.186 ms - 0[0m
2023-06-09 11:14:23 info: [0mPOST / [33m404[0m 0.515 ms - 140[0m
2023-06-09 11:14:23 info: [0mOPTIONS / [32m204[0m 0.101 ms - 0[0m
2023-06-09 11:14:23 info: [0mPOST / [33m404[0m 0.486 ms - 140[0m
2023-06-09 11:14:23 info: [0mOPTIONS / [32m204[0m 0.102 ms - 0[0m
2023-06-09 11:14:23 info: [0mPOST / [33m404[0m 0.550 ms - 140[0m
2023-06-09 11:14:23 info: [0mOPTIONS / [32m204[0m 0.109 ms - 0[0m
2023-06-09 11:14:23 info: [0mOPTIONS / [32m204[0m 0.136 ms - 0[0m
2023-06-09 11:14:23 info: [0mPOST / [33m404[0m 0.703 ms - 140[0m
2023-06-09 11:14:23 info: [0mPOST / [33m404[0m 0.681 ms - 140[0m
2023-06-09 11:14:24 info: [0mOPTIONS / [32m204[0m 0.108 ms - 0[0m
2023-06-09 11:14:24 info: [0mPOST / [33m404[0m 0.616 ms - 140[0m
2023-06-09 11:14:24 info: [0mOPTIONS / [32m204[0m 0.134 ms - 0[0m
2023-06-09 11:14:24 info: [0mOPTIONS / [32m204[0m 0.155 ms - 0[0m
2023-06-09 11:14:24 info: [0mPOST / [33m404[0m 1.125 ms - 140[0m
2023-06-09 11:14:24 info: [0mPOST / [33m404[0m 0.714 ms - 140[0m
2023-06-09 11:14:24 info: [0mOPTIONS / [32m204[0m 0.124 ms - 0[0m
2023-06-09 11:14:24 info: [0mOPTIONS / [32m204[0m 0.102 ms - 0[0m
2023-06-09 11:14:24 info: [0mPOST / [33m404[0m 0.529 ms - 140[0m
2023-06-09 11:14:24 info: [0mPOST / [33m404[0m 1.003 ms - 140[0m
2023-06-09 11:14:24 info: [0mOPTIONS / [32m204[0m 0.120 ms - 0[0m
2023-06-09 11:14:24 info: [0mOPTIONS / [32m204[0m 0.108 ms - 0[0m
2023-06-09 11:14:24 info: [0mPOST / [33m404[0m 0.712 ms - 140[0m
2023-06-09 11:14:24 info: [0mPOST / [33m404[0m 1.088 ms - 140[0m
2023-06-09 11:14:28 info: [0mOPTIONS / [32m204[0m 0.170 ms - 0[0m
2023-06-09 11:14:28 info: [0mOPTIONS / [32m204[0m 0.124 ms - 0[0m
2023-06-09 11:14:28 info: [0mPOST / [33m404[0m 0.538 ms - 140[0m
2023-06-09 11:14:28 info: [0mPOST / [33m404[0m 0.690 ms - 140[0m
2023-06-09 11:14:32 info: [0mOPTIONS / [32m204[0m 0.084 ms - 0[0m
2023-06-09 11:14:32 info: [0mOPTIONS / [32m204[0m 0.092 ms - 0[0m
2023-06-09 11:14:32 info: [0mPOST / [33m404[0m 0.542 ms - 140[0m
2023-06-09 11:14:32 info: [0mPOST / [33m404[0m 1.122 ms - 140[0m
2023-06-09 11:14:36 info: [0mOPTIONS / [32m204[0m 0.078 ms - 0[0m
2023-06-09 11:14:36 info: [0mOPTIONS / [32m204[0m 0.065 ms - 0[0m
2023-06-09 11:14:36 info: [0mPOST / [33m404[0m 0.424 ms - 140[0m
2023-06-09 11:14:36 info: [0mPOST / [33m404[0m 0.339 ms - 140[0m
2023-06-09 11:14:40 info: [0mOPTIONS / [32m204[0m 0.098 ms - 0[0m
2023-06-09 11:14:40 info: [0mOPTIONS / [32m204[0m 0.138 ms - 0[0m
2023-06-09 11:14:40 info: [0mPOST / [33m404[0m 0.905 ms - 140[0m
2023-06-09 11:14:40 info: [0mPOST / [33m404[0m 0.678 ms - 140[0m
2023-06-09 11:14:44 info: [0mOPTIONS / [32m204[0m 0.087 ms - 0[0m
2023-06-09 11:14:44 info: [0mOPTIONS / [32m204[0m 0.134 ms - 0[0m
2023-06-09 11:14:44 info: [0mPOST / [33m404[0m 0.539 ms - 140[0m
2023-06-09 11:14:44 info: [0mPOST / [33m404[0m 0.385 ms - 140[0m
2023-06-09 11:14:48 info: [0mOPTIONS / [32m204[0m 0.178 ms - 0[0m
2023-06-09 11:14:48 info: [0mOPTIONS / [32m204[0m 0.073 ms - 0[0m
2023-06-09 11:14:48 info: [0mPOST / [33m404[0m 1.129 ms - 140[0m
2023-06-09 11:14:48 info: [0mPOST / [33m404[0m 1.222 ms - 140[0m
2023-06-09 11:14:52 info: [0mOPTIONS / [32m204[0m 0.077 ms - 0[0m
2023-06-09 11:14:52 info: [0mOPTIONS / [32m204[0m 0.071 ms - 0[0m
2023-06-09 11:14:52 info: [0mPOST / [33m404[0m 0.568 ms - 140[0m
2023-06-09 11:14:52 info: [0mPOST / [33m404[0m 0.349 ms - 140[0m
2023-06-09 11:14:56 info: [0mOPTIONS / [32m204[0m 0.085 ms - 0[0m
2023-06-09 11:14:56 info: [0mOPTIONS / [32m204[0m 0.138 ms - 0[0m
2023-06-09 11:14:56 info: [0mPOST / [33m404[0m 0.564 ms - 140[0m
2023-06-09 11:14:56 info: [0mPOST / [33m404[0m 0.462 ms - 140[0m
2023-06-09 11:14:58 info: =================================
2023-06-09 11:14:58 info: ======= ENV: development =======
2023-06-09 11:14:58 info: 🚀 App listening on the port 8546
2023-06-09 11:14:58 info: =================================
2023-06-09 11:15:18 info: [0mOPTIONS /create-post [32m204[0m 1.377 ms - 0[0m
2023-06-09 11:15:18 info: [0mPOST /create-post [33m404[0m 9.013 ms - 151[0m
2023-06-09 11:23:42 info: =================================
2023-06-09 11:23:42 info: ======= ENV: development =======
2023-06-09 11:23:42 info: 🚀 App listening on the port 8546
2023-06-09 11:23:42 info: =================================
2023-06-09 11:33:40 info: =================================
2023-06-09 11:33:40 info: ======= ENV: development =======
2023-06-09 11:33:40 info: 🚀 App listening on the port 8546
2023-06-09 11:33:40 info: =================================
2023-06-09 11:34:01 info: =================================
2023-06-09 11:34:01 info: ======= ENV: development =======
2023-06-09 11:34:01 info: 🚀 App listening on the port 8546
2023-06-09 11:34:01 info: =================================
2023-06-09 11:39:37 info: =================================
2023-06-09 11:39:37 info: ======= ENV: development =======
2023-06-09 11:39:37 info: 🚀 App listening on the port 8546
2023-06-09 11:39:37 info: =================================
2023-06-09 11:40:03 info: =================================
2023-06-09 11:40:03 info: ======= ENV: development =======
2023-06-09 11:40:03 info: 🚀 App listening on the port 8546
2023-06-09 11:40:03 info: =================================
2023-06-09 12:00:36 info: =================================
2023-06-09 12:00:36 info: ======= ENV: development =======
2023-06-09 12:00:36 info: 🚀 App listening on the port 8546
2023-06-09 12:00:36 info: =================================
2023-06-09 12:00:47 info: [0mGET / [33m404[0m 2.830 ms - 139[0m
2023-06-09 12:04:56 info: =================================
2023-06-09 12:04:56 info: ======= ENV: development =======
2023-06-09 12:04:56 info: 🚀 App listening on the port 8546
2023-06-09 12:04:56 info: =================================
2023-06-09 12:06:58 info: =================================
2023-06-09 12:06:58 info: ======= ENV: development =======
2023-06-09 12:06:58 info: 🚀 App listening on the port 8546
2023-06-09 12:06:58 info: =================================
2023-06-09 12:07:55 info: [0mGET /error [33m404[0m 2.950 ms - 144[0m
2023-06-09 12:07:55 info: [0mGET /pageProvider.js.map [33m404[0m 1.128 ms - 158[0m
2023-06-09 12:09:03 info: =================================
2023-06-09 12:09:03 info: ======= ENV: development =======
2023-06-09 12:09:03 info: 🚀 App listening on the port 8546
2023-06-09 12:09:03 info: =================================
2023-06-09 12:12:34 info: =================================
2023-06-09 12:12:34 info: ======= ENV: development =======
2023-06-09 12:12:34 info: 🚀 App listening on the port 8546
2023-06-09 12:12:34 info: =================================
2023-06-09 12:12:50 info: =================================
2023-06-09 12:12:50 info: ======= ENV: development =======
2023-06-09 12:12:50 info: 🚀 App listening on the port 8546
2023-06-09 12:12:50 info: =================================
2023-06-09 12:13:46 info: =================================
2023-06-09 12:13:46 info: ======= ENV: development =======
2023-06-09 12:13:46 info: 🚀 App listening on the port 8546
2023-06-09 12:13:46 info: =================================
2023-06-09 12:24:18 info: =================================
2023-06-09 12:24:18 info: ======= ENV: development =======
2023-06-09 12:24:18 info: 🚀 App listening on the port 8546
2023-06-09 12:24:18 info: =================================
2023-06-09 12:25:01 info: =================================
2023-06-09 12:25:01 info: ======= ENV: development =======
2023-06-09 12:25:01 info: 🚀 App listening on the port 8546
2023-06-09 12:25:01 info: =================================
2023-06-09 12:25:31 info: =================================
2023-06-09 12:25:31 info: ======= ENV: development =======
2023-06-09 12:25:31 info: 🚀 App listening on the port 8546
2023-06-09 12:25:31 info: ==============TUVIEJA===================
2023-06-09 12:27:30 info: =================================
2023-06-09 12:27:30 info: ======= ENV: development =======
2023-06-09 12:27:30 info: 🚀 App listening on the port 8546
2023-06-09 12:27:30 info: ==============TUVIEJA===================
2023-06-09 12:27:44 info: =================================
2023-06-09 12:27:44 info: ======= ENV: development =======
2023-06-09 12:27:44 info: 🚀 App listening on the port 8546
2023-06-09 12:27:44 info: ==============TUVIEJA===================
2023-06-09 12:30:20 info: =================================
2023-06-09 12:30:20 info: ======= ENV: development =======
2023-06-09 12:30:20 info: 🚀 App listening on the port 8546
2023-06-09 12:30:20 info: ==============TUVIEJA===================
2023-06-09 12:32:06 info: =================================
2023-06-09 12:32:06 info: ======= ENV: development =======
2023-06-09 12:32:06 info: 🚀 App listening on the port 8546
2023-06-09 12:32:06 info: ==============TUVIEJA===================
2023-06-09 12:32:20 info: =================================
2023-06-09 12:32:20 info: ======= ENV: development =======
2023-06-09 12:32:20 info: 🚀 App listening on the port 8546
2023-06-09 12:32:20 info: ==============TUVIEJA===================
2023-06-09 12:33:41 info: =================================
2023-06-09 12:33:41 info: ======= ENV: development =======
2023-06-09 12:33:41 info: 🚀 App listening on the port 8546
2023-06-09 12:33:41 info: ==============TUVIEJA===================
2023-06-09 12:38:42 info: =================================
2023-06-09 12:38:42 info: ======= ENV: development =======
2023-06-09 12:38:42 info: 🚀 App listening on the port 8546
2023-06-09 12:38:42 info: ==============TUVIEJA===================
2023-06-09 12:40:39 info: =================================
2023-06-09 12:40:39 info: ======= ENV: development =======
2023-06-09 12:40:39 info: 🚀 App listening on the port 8546
2023-06-09 12:40:39 info: ==============TUVIEJA===================
2023-06-09 12:41:10 info: =================================
2023-06-09 12:41:10 info: ======= ENV: development =======
2023-06-09 12:41:10 info: 🚀 App listening on the port 8546
2023-06-09 12:41:10 info: ==============TUVIEJA===================
2023-06-09 12:41:28 info: =================================
2023-06-09 12:41:28 info: ======= ENV: development =======
2023-06-09 12:41:28 info: 🚀 App listening on the port 8546
2023-06-09 12:41:28 info: ==============TUVIEJA===================
2023-06-09 12:43:28 info: =================================
2023-06-09 12:43:28 info: ======= ENV: development =======
2023-06-09 12:43:28 info: 🚀 App listening on the port 8546
2023-06-09 12:43:28 info: ==============TUVIEJA===================
2023-06-09 12:43:39 info: =================================
2023-06-09 12:43:39 info: ======= ENV: development =======
2023-06-09 12:43:39 info: 🚀 App listening on the port 8546
2023-06-09 12:43:39 info: ==============TUVIEJA===================
2023-06-09 12:43:52 info: =================================
2023-06-09 12:43:52 info: ======= ENV: development =======
2023-06-09 12:43:52 info: 🚀 App listening on the port 8546
2023-06-09 12:43:52 info: ==============TUVIEJA===================
2023-06-09 12:44:50 info: =================================
2023-06-09 12:44:50 info: ======= ENV: development =======
2023-06-09 12:44:50 info: 🚀 App listening on the port 8546
2023-06-09 12:44:50 info: ==============TUVIEJA===================
2023-06-09 12:45:17 info: =================================
2023-06-09 12:45:17 info: ======= ENV: development =======
2023-06-09 12:45:17 info: 🚀 App listening on the port 8546
2023-06-09 12:45:17 info: ==============TUVIEJA===================
2023-06-09 12:45:31 info: =================================
2023-06-09 12:45:31 info: ======= ENV: development =======
2023-06-09 12:45:31 info: 🚀 App listening on the port 8546
2023-06-09 12:45:31 info: ==============TUVIEJA===================
2023-06-09 12:46:43 info: =================================
2023-06-09 12:46:43 info: ======= ENV: development =======
2023-06-09 12:46:43 info: 🚀 App listening on the port 8546
2023-06-09 12:46:43 info: ==============TUVIEJA===================
2023-06-09 12:46:49 info: =================================
2023-06-09 12:46:49 info: ======= ENV: development =======
2023-06-09 12:46:49 info: 🚀 App listening on the port 8546
2023-06-09 12:46:49 info: ==============TUVIEJA===================
2023-06-09 12:47:24 info: =================================
2023-06-09 12:47:24 info: ======= ENV: development =======
2023-06-09 12:47:24 info: 🚀 App listening on the port 8546
2023-06-09 12:47:24 info: ==============TUVIEJA===================
2023-06-09 12:47:47 info: Access token set: 
2023-06-09 12:48:14 info: =================================
2023-06-09 12:48:14 info: ======= ENV: development =======
2023-06-09 12:48:14 info: 🚀 App listening on the port 8546
2023-06-09 12:48:14 info: ==============TUVIEJA===================
2023-06-09 12:48:15 info: Access token set: 
2023-06-09 12:48:28 info: [0mGET / [0m-[0m - ms - -[0m
2023-06-09 12:48:45 info: =================================
2023-06-09 12:48:45 info: ======= ENV: development =======
2023-06-09 12:48:45 info: 🚀 App listening on the port 8546
2023-06-09 12:48:45 info: ==============TUVIEJA===================
2023-06-09 12:49:05 info: =================================
2023-06-09 12:49:05 info: ======= ENV: development =======
2023-06-09 12:49:05 info: 🚀 App listening on the port 8546
2023-06-09 12:49:05 info: ==============TUVIEJA===================
2023-06-09 12:49:09 info: Access token set: 
2023-06-09 12:49:14 info: [0mGET /auth [0m-[0m - ms - -[0m
2023-06-09 12:49:24 info: =================================
2023-06-09 12:49:24 info: ======= ENV: development =======
2023-06-09 12:49:24 info: 🚀 App listening on the port 8546
2023-06-09 12:49:24 info: ==============TUVIEJA===================
2023-06-09 12:49:30 info: Access token set: 
2023-06-09 12:49:41 info: [0mGET / [0m-[0m - ms - -[0m
2023-06-09 12:49:51 info: =================================
2023-06-09 12:49:51 info: ======= ENV: development =======
2023-06-09 12:49:51 info: 🚀 App listening on the port 8546
2023-06-09 12:49:51 info: ==============TUVIEJA===================
2023-06-09 12:50:19 info: [0mOPTIONS /create [32m204[0m 0.682 ms - 0[0m
2023-06-09 12:50:20 info: Access token set: 
2023-06-09 12:50:27 info: [0mOPTIONS /create [32m204[0m 0.364 ms - 0[0m
2023-06-09 12:51:00 info: =================================
2023-06-09 12:51:00 info: ======= ENV: development =======
2023-06-09 12:51:00 info: 🚀 App listening on the port 8546
2023-06-09 12:51:00 info: ==============TUVIEJA===================
2023-06-09 12:51:02 info: [0mOPTIONS /create [32m204[0m 1.052 ms - 0[0m
2023-06-09 12:51:04 info: Access token set: 
2023-06-09 12:51:56 info: =================================
2023-06-09 12:51:56 info: ======= ENV: development =======
2023-06-09 12:51:56 info: 🚀 App listening on the port 8546
2023-06-09 12:51:56 info: ==============TUVIEJA===================
2023-06-09 12:52:15 info: =================================
2023-06-09 12:52:15 info: ======= ENV: development =======
2023-06-09 12:52:15 info: 🚀 App listening on the port 8546
2023-06-09 12:52:15 info: ==============TUVIEJA===================
2023-06-09 12:54:49 info: =================================
2023-06-09 12:54:49 info: ======= ENV: development =======
2023-06-09 12:54:49 info: 🚀 App listening on the port 8546
2023-06-09 12:54:49 info: ==============TUVIEJA===================
2023-06-09 12:56:20 info: =================================
2023-06-09 12:56:20 info: ======= ENV: development =======
2023-06-09 12:56:20 info: 🚀 App listening on the port 8546
2023-06-09 12:56:20 info: ==============TUVIEJA===================
2023-06-09 12:56:30 info: =================================
2023-06-09 12:56:30 info: ======= ENV: development =======
2023-06-09 12:56:30 info: 🚀 App listening on the port 8546
2023-06-09 12:56:30 info: ==============TUVIEJA===================
2023-06-09 12:56:51 info: =================================
2023-06-09 12:56:51 info: ======= ENV: development =======
2023-06-09 12:56:51 info: 🚀 App listening on the port 8546
2023-06-09 12:56:51 info: ==============TUVIEJA===================
2023-06-09 12:57:31 info: =================================
2023-06-09 12:57:31 info: ======= ENV: development =======
2023-06-09 12:57:31 info: 🚀 App listening on the port 8546
2023-06-09 12:57:31 info: ==============TUVIEJA===================
2023-06-09 12:58:01 info: Access token set: 
2023-06-09 12:58:41 info: =================================
2023-06-09 12:58:41 info: ======= ENV: development =======
2023-06-09 12:58:41 info: 🚀 App listening on the port 8546
2023-06-09 12:58:41 info: ==============TUVIEJA===================
2023-06-09 12:58:41 info: [0mGET / [33m404[0m 2.794 ms - 139[0m
2023-06-09 12:58:49 info: =================================
2023-06-09 12:58:49 info: ======= ENV: development =======
2023-06-09 12:58:49 info: 🚀 App listening on the port 8546
2023-06-09 12:58:49 info: ==============TUVIEJA===================
2023-06-09 13:00:25 info: =================================
2023-06-09 13:00:25 info: ======= ENV: development =======
2023-06-09 13:00:25 info: 🚀 App listening on the port 8546
2023-06-09 13:00:25 info: ==============TUVIEJA===================
2023-06-09 13:01:12 info: =================================
2023-06-09 13:01:12 info: ======= ENV: development =======
2023-06-09 13:01:12 info: 🚀 App listening on the port 8546
2023-06-09 13:01:12 info: ==============TUVIEJA===================
2023-06-09 13:01:16 info: =================================
2023-06-09 13:01:16 info: ======= ENV: development =======
2023-06-09 13:01:16 info: 🚀 App listening on the port 8546
2023-06-09 13:01:16 info: ==============TUVIEJA===================
2023-06-09 13:01:17 info: Access token set: 
2023-06-09 13:01:28 info: =================================
2023-06-09 13:01:28 info: ======= ENV: development =======
2023-06-09 13:01:28 info: 🚀 App listening on the port 8546
2023-06-09 13:01:28 info: ==============TUVIEJA===================
2023-06-09 13:01:30 info: Access token set: 
2023-06-09 13:01:57 info: =================================
2023-06-09 13:01:57 info: ======= ENV: development =======
2023-06-09 13:01:57 info: 🚀 App listening on the port 8546
2023-06-09 13:01:57 info: ==============TUVIEJA===================
2023-06-09 13:01:59 info: Access token set: 
2023-06-09 13:05:42 info: =================================
2023-06-09 13:05:42 info: ======= ENV: development =======
2023-06-09 13:05:42 info: 🚀 App listening on the port 8546
2023-06-09 13:05:42 info: ==============TUVIEJA===================
2023-06-09 13:05:44 info: Access token set: 
2023-06-09 13:10:34 info: =================================
2023-06-09 13:10:34 info: ======= ENV: development =======
2023-06-09 13:10:34 info: 🚀 App listening on the port 8546
2023-06-09 13:10:34 info: ==============TUVIEJA===================
2023-06-09 13:10:36 info: Access token set: 
2023-06-09 13:10:47 info: =================================
2023-06-09 13:10:47 info: ======= ENV: development =======
2023-06-09 13:10:47 info: 🚀 App listening on the port 8546
2023-06-09 13:10:47 info: ==============TUVIEJA===================
2023-06-09 13:10:48 info: Access token set: 
2023-06-09 13:11:19 info: =================================
2023-06-09 13:11:19 info: ======= ENV: development =======
2023-06-09 13:11:19 info: 🚀 App listening on the port 8546
2023-06-09 13:11:19 info: ==============TUVIEJA===================
2023-06-09 13:11:20 info: Access token set: 
2023-06-09 13:14:27 info: =================================
2023-06-09 13:14:27 info: ======= ENV: development =======
2023-06-09 13:14:27 info: 🚀 App listening on the port 8546
2023-06-09 13:14:27 info: ==============TUVIEJA===================
2023-06-09 13:14:28 info: Access token set: 
2023-06-09 13:14:55 info: =================================
2023-06-09 13:14:55 info: ======= ENV: development =======
2023-06-09 13:14:55 info: 🚀 App listening on the port 8546
2023-06-09 13:14:55 info: ==============TUVIEJA===================
2023-06-09 13:14:57 info: Access token set: 
2023-06-09 13:15:12 info: [0mGET / [33m404[0m 4.237 ms - 139[0m
2023-06-09 13:15:16 info: [0mGET / [33m404[0m 0.872 ms - 139[0m
2023-06-09 13:15:57 info: =================================
2023-06-09 13:15:57 info: ======= ENV: development =======
2023-06-09 13:15:57 info: 🚀 App listening on the port 8546
2023-06-09 13:15:57 info: ==============TUVIEJA===================
2023-06-09 13:15:59 info: Access token set: 
2023-06-09 13:17:55 info: =================================
2023-06-09 13:17:55 info: ======= ENV: development =======
2023-06-09 13:17:55 info: 🚀 App listening on the port 8546
2023-06-09 13:17:55 info: ==============TUVIEJA===================
2023-06-09 13:17:57 info: Access token set: 
2023-06-09 13:19:13 info: =================================
2023-06-09 13:19:13 info: ======= ENV: development =======
2023-06-09 13:19:13 info: 🚀 App listening on the port 8546
2023-06-09 13:19:13 info: ==============TUVIEJA===================
2023-06-09 13:19:14 info: Access token set: 
2023-06-09 13:19:46 info: =================================
2023-06-09 13:19:46 info: ======= ENV: development =======
2023-06-09 13:19:46 info: 🚀 App listening on the port 8546
2023-06-09 13:19:46 info: ==============TUVIEJA===================
2023-06-09 13:19:47 info: Access token set: 
2023-06-09 13:20:20 info: =================================
2023-06-09 13:20:20 info: ======= ENV: development =======
2023-06-09 13:20:20 info: 🚀 App listening on the port 8546
2023-06-09 13:20:20 info: ==============TUVIEJA===================
2023-06-09 13:20:22 info: Access token set: 
2023-06-09 13:21:15 info: =================================
2023-06-09 13:21:15 info: ======= ENV: development =======
2023-06-09 13:21:15 info: 🚀 App listening on the port 8546
2023-06-09 13:21:15 info: ==============TUVIEJA===================
2023-06-09 13:21:16 info: Access token set: 
2023-06-09 13:26:08 info: =================================
2023-06-09 13:26:08 info: ======= ENV: development =======
2023-06-09 13:26:08 info: 🚀 App listening on the port 8546
2023-06-09 13:26:08 info: ==============TUVIEJA===================
2023-06-09 13:26:09 info: Access token set: 
2023-06-09 14:36:44 info: =================================
2023-06-09 14:36:44 info: ======= ENV: development =======
2023-06-09 14:36:44 info: 🚀 App listening on the port 8546
2023-06-09 14:36:44 info: ==============TUVIEJA===================
2023-06-09 14:36:52 info: [0mGET /users/postThingy [33m404[0m 2.693 ms - 155[0m
2023-06-09 14:37:13 info: =================================
2023-06-09 14:37:13 info: ======= ENV: development =======
2023-06-09 14:37:13 info: 🚀 App listening on the port 8546
2023-06-09 14:37:13 info: ==============TUVIEJA===================
2023-06-09 14:37:20 info: [0mGET /users/postThingy [32m200[0m 5293.848 ms - 21[0m
2023-06-09 14:37:21 info: [0mGET /favicon.ico [33m404[0m 1.888 ms - 150[0m
2023-06-09 14:39:50 info: [0mOPTIONS /users/postThingy [32m204[0m 0.563 ms - 0[0m
2023-06-09 14:39:50 info: [0mPOST /users/postThingy [33m404[0m 11.621 ms - 156[0m
2023-06-09 14:40:08 info: [0mOPTIONS /users/postThingy [32m204[0m 0.154 ms - 0[0m
2023-06-09 14:40:08 info: [0mPOST /users/postThingy [33m404[0m 0.764 ms - 156[0m
2023-06-09 14:40:50 info: =================================
2023-06-09 14:40:50 info: ======= ENV: development =======
2023-06-09 14:40:50 info: 🚀 App listening on the port 8546
2023-06-09 14:40:50 info: ==============TUVIEJA===================
2023-06-09 14:40:52 info: [0mOPTIONS /users/postThingy [32m204[0m 0.699 ms - 0[0m
2023-06-09 14:40:58 info: [0mPOST /users/postThingy [32m200[0m 5603.804 ms - 21[0m
2023-06-09 14:42:55 info: [0mOPTIONS /users/postThingy [32m204[0m 0.154 ms - 0[0m
2023-06-09 14:43:00 info: [0mPOST /users/postThingy [32m200[0m 5463.436 ms - 21[0m
2023-06-09 14:53:10 info: [0mOPTIONS /users/postThingy [32m204[0m 0.139 ms - 0[0m
2023-06-09 14:53:16 info: [0mPOST /users/postThingy [32m200[0m 5374.692 ms - 21[0m
2023-06-09 14:56:11 info: =================================
2023-06-09 14:56:11 info: ======= ENV: development =======
2023-06-09 14:56:11 info: 🚀 App listening on the port 8546
2023-06-09 14:56:11 info: ==============TUVIEJA===================
2023-06-09 14:56:13 info: [0mOPTIONS /users/postThingy [32m204[0m 0.683 ms - 0[0m
2023-06-09 14:56:19 info: [0mPOST /users/postThingy [32m200[0m 6368.199 ms - 21[0m
2023-06-09 15:18:49 info: =================================
2023-06-09 15:18:49 info: ======= ENV: development =======
2023-06-09 15:18:49 info: 🚀 App listening on the port 8546
2023-06-09 15:18:49 info: ==============TUVIEJA===================
2023-06-09 15:18:51 info: [0mOPTIONS /users/postThingy [32m204[0m 0.678 ms - 0[0m
2023-06-09 15:18:57 info: [0mPOST /users/postThingy [32m200[0m 6139.584 ms - 21[0m
2023-06-09 15:21:13 info: =================================
2023-06-09 15:21:13 info: ======= ENV: development =======
2023-06-09 15:21:13 info: 🚀 App listening on the port 8546
2023-06-09 15:21:13 info: ==============TUVIEJA===================
2023-06-09 15:21:18 info: [0mOPTIONS /users/postThingy [32m204[0m 0.686 ms - 0[0m
2023-06-09 15:21:23 info: [0mPOST /users/postThingy [32m200[0m 5217.696 ms - 21[0m
2023-06-09 15:21:57 info: =================================
2023-06-09 15:21:57 info: ======= ENV: development =======
2023-06-09 15:21:57 info: 🚀 App listening on the port 8546
2023-06-09 15:21:57 info: ==============TUVIEJA===================
2023-06-09 15:22:03 info: =================================
2023-06-09 15:22:03 info: ======= ENV: development =======
2023-06-09 15:22:03 info: 🚀 App listening on the port 8546
2023-06-09 15:22:03 info: ==============TUVIEJA===================
2023-06-09 15:22:05 info: [0mOPTIONS /users/postThingy [32m204[0m 0.681 ms - 0[0m
2023-06-09 15:22:10 info: [0mPOST /users/postThingy [32m200[0m 5348.875 ms - 21[0m
2023-06-09 15:22:55 info: =================================
2023-06-09 15:22:55 info: ======= ENV: development =======
2023-06-09 15:22:55 info: 🚀 App listening on the port 8546
2023-06-09 15:22:55 info: ==============TUVIEJA===================
2023-06-09 15:22:56 info: [0mOPTIONS /users/postThingy [32m204[0m 0.701 ms - 0[0m
2023-06-09 15:23:02 info: [0mPOST /users/postThingy [32m200[0m 5797.571 ms - 21[0m
2023-06-09 15:25:34 info: =================================
2023-06-09 15:25:34 info: ======= ENV: development =======
2023-06-09 15:25:34 info: 🚀 App listening on the port 8546
2023-06-09 15:25:34 info: ==============TUVIEJA===================
2023-06-09 15:26:28 info: =================================
2023-06-09 15:26:28 info: ======= ENV: development =======
2023-06-09 15:26:28 info: 🚀 App listening on the port 8546
2023-06-09 15:26:28 info: ==============TUVIEJA===================
2023-06-09 15:26:47 info: =================================
2023-06-09 15:26:47 info: ======= ENV: development =======
2023-06-09 15:26:47 info: 🚀 App listening on the port 8546
2023-06-09 15:26:47 info: ==============TUVIEJA===================
2023-06-09 15:26:57 info: [0mOPTIONS /users/postThingy [32m204[0m 2.091 ms - 0[0m
2023-06-09 15:26:57 error: [POST] /users/postThingy >> StatusCode:: 500, Message:: this.user.postThingy is not a function
2023-06-09 15:26:57 info: [0mPOST /users/postThingy [31m500[0m 15.904 ms - 52[0m
2023-06-09 15:27:18 info: =================================
2023-06-09 15:27:18 info: ======= ENV: development =======
2023-06-09 15:27:18 info: 🚀 App listening on the port 8546
2023-06-09 15:27:18 info: ==============TUVIEJA===================
2023-06-09 15:27:20 info: [0mOPTIONS /users/postThingy [32m204[0m 0.763 ms - 0[0m
2023-06-09 15:27:20 error: [POST] /users/postThingy >> StatusCode:: 500, Message:: this.user.postThingy is not a function
2023-06-09 15:27:20 info: [0mPOST /users/postThingy [31m500[0m 6.739 ms - 52[0m
2023-06-09 15:29:00 info: =================================
2023-06-09 15:29:00 info: ======= ENV: development =======
2023-06-09 15:29:00 info: 🚀 App listening on the port 8546
2023-06-09 15:29:00 info: ==============TUVIEJA===================
2023-06-09 15:29:02 info: [0mOPTIONS /users/postThingy [32m204[0m 0.758 ms - 0[0m
2023-06-09 15:29:02 info: [0mPOST /users/postThingy [32m200[0m 30.229 ms - 21[0m
2023-06-09 15:31:40 info: =================================
2023-06-09 15:31:40 info: ======= ENV: development =======
2023-06-09 15:31:40 info: 🚀 App listening on the port 8546
2023-06-09 15:31:40 info: ==============TUVIEJA===================
2023-06-09 15:37:09 info: =================================
2023-06-09 15:37:09 info: ======= ENV: development =======
2023-06-09 15:37:09 info: 🚀 App listening on the port 8546
2023-06-09 15:37:09 info: ==============TUVIEJA===================
2023-06-09 15:40:02 info: =================================
2023-06-09 15:40:02 info: ======= ENV: development =======
2023-06-09 15:40:02 info: 🚀 App listening on the port 8546
2023-06-09 15:40:02 info: ==============TUVIEJA===================
2023-06-09 15:40:04 info: [0mOPTIONS /users/postThingy [32m204[0m 0.730 ms - 0[0m
2023-06-09 15:40:04 info: [0mPOST /users/postThingy [32m200[0m 31.858 ms - 21[0m
2023-06-09 15:41:33 info: =================================
2023-06-09 15:41:33 info: ======= ENV: development =======
2023-06-09 15:41:33 info: 🚀 App listening on the port 8546
2023-06-09 15:41:33 info: ==============TUVIEJA===================
2023-06-09 15:41:46 info: =================================
2023-06-09 15:41:46 info: ======= ENV: development =======
2023-06-09 15:41:46 info: 🚀 App listening on the port 8546
2023-06-09 15:41:46 info: ==============TUVIEJA===================
2023-06-09 15:42:11 info: =================================
2023-06-09 15:42:11 info: ======= ENV: development =======
2023-06-09 15:42:11 info: 🚀 App listening on the port 8546
2023-06-09 15:42:11 info: ==============TUVIEJA===================
2023-06-09 15:42:25 info: [0mOPTIONS /users/postThingy [32m204[0m 1.662 ms - 0[0m
2023-06-09 15:42:25 info: [0mPOST /users/postThingy [32m200[0m 40.375 ms - 21[0m
2023-06-09 15:53:24 info: =================================
2023-06-09 15:53:24 info: ======= ENV: development =======
2023-06-09 15:53:24 info: 🚀 App listening on the port 8546
2023-06-09 15:53:24 info: ==============TUVIEJA===================
2023-06-09 15:53:53 info: [0mOPTIONS /users/postThingy [32m204[0m 1.667 ms - 0[0m
2023-06-09 15:53:53 info: [0mPOST /users/postThingy [32m200[0m 39.359 ms - 21[0m
2023-06-09 15:54:18 info: [0mGET /users/postThingy [33m404[0m 1.487 ms - 155[0m
2023-06-09 15:54:23 info: [0mGET /users/postThingy [33m404[0m 0.764 ms - 155[0m
2023-06-09 15:56:35 info: [0mGET /users/postThingy [33m404[0m 0.532 ms - 155[0m
2023-06-09 15:56:42 info: [0mPOST /users/postThingy [32m200[0m 2.085 ms - 21[0m
2023-06-09 15:57:16 info: =================================
2023-06-09 15:57:16 info: ======= ENV: development =======
2023-06-09 15:57:16 info: 🚀 App listening on the port 8546
2023-06-09 15:57:16 info: ==============TUVIEJA===================
2023-06-09 15:58:53 info: =================================
2023-06-09 15:58:53 info: ======= ENV: development =======
2023-06-09 15:58:53 info: 🚀 App listening on the port 8546
2023-06-09 15:58:53 info: ==============TUVIEJA===================
2023-06-09 15:58:57 info: [0mPOST /users/postThingy [32m200[0m 26.680 ms - 21[0m
2023-06-09 16:00:07 info: =================================
2023-06-09 16:00:07 info: ======= ENV: development =======
2023-06-09 16:00:07 info: 🚀 App listening on the port 8546
2023-06-09 16:00:07 info: ==============TUVIEJA===================
2023-06-09 16:00:20 info: [0mPOST /users/postThingy [32m200[0m 34.187 ms - 21[0m
2023-06-09 16:01:41 info: =================================
2023-06-09 16:01:41 info: ======= ENV: development =======
2023-06-09 16:01:41 info: 🚀 App listening on the port 8546
2023-06-09 16:01:41 info: ==============TUVIEJA===================
2023-06-09 16:02:28 info: =================================
2023-06-09 16:02:28 info: ======= ENV: development =======
2023-06-09 16:02:28 info: 🚀 App listening on the port 8546
2023-06-09 16:02:28 info: ==============TUVIEJA===================
2023-06-09 16:02:33 info: [0mPOST /users/postThingy [32m200[0m 33.673 ms - 21[0m
2023-06-09 16:03:01 info: =================================
2023-06-09 16:03:01 info: ======= ENV: development =======
2023-06-09 16:03:01 info: 🚀 App listening on the port 8546
2023-06-09 16:03:01 info: ==============TUVIEJA===================
2023-06-09 16:03:52 info: =================================
2023-06-09 16:03:52 info: ======= ENV: development =======
2023-06-09 16:03:52 info: 🚀 App listening on the port 8546
2023-06-09 16:03:52 info: ==============TUVIEJA===================
2023-06-09 16:03:59 info: [0mPOST /users/postThingy [32m200[0m 28.969 ms - 21[0m
2023-06-09 16:04:14 info: =================================
2023-06-09 16:04:14 info: ======= ENV: development =======
2023-06-09 16:04:14 info: 🚀 App listening on the port 8546
2023-06-09 16:04:14 info: ==============TUVIEJA===================
2023-06-09 16:04:34 info: =================================
2023-06-09 16:04:34 info: ======= ENV: development =======
2023-06-09 16:04:34 info: 🚀 App listening on the port 8546
2023-06-09 16:04:34 info: ==============TUVIEJA===================
2023-06-09 16:04:38 info: [0mPOST /users/postThingy [32m200[0m 27.535 ms - 21[0m
2023-06-09 16:04:56 info: =================================
2023-06-09 16:04:56 info: ======= ENV: development =======
2023-06-09 16:04:56 info: 🚀 App listening on the port 8546
2023-06-09 16:04:56 info: ==============TUVIEJA===================
2023-06-09 16:05:00 info: [0mPOST /users/postThingy [32m200[0m 27.005 ms - 21[0m
2023-06-09 16:05:46 info: =================================
2023-06-09 16:05:46 info: ======= ENV: development =======
2023-06-09 16:05:46 info: 🚀 App listening on the port 8546
2023-06-09 16:05:46 info: ==============TUVIEJA===================
2023-06-09 16:05:47 info: [0mOPTIONS /users/postThingy [32m204[0m 0.764 ms - 0[0m
2023-06-09 16:05:47 info: [0mPOST /users/postThingy [32m200[0m 33.235 ms - 21[0m
2023-06-09 16:09:10 info: =================================
2023-06-09 16:09:10 info: ======= ENV: development =======
2023-06-09 16:09:10 info: 🚀 App listening on the port 8546
2023-06-09 16:09:10 info: ==============TUVIEJA===================
2023-06-09 16:12:46 info: =================================
2023-06-09 16:12:46 info: ======= ENV: development =======
2023-06-09 16:12:46 info: 🚀 App listening on the port 8546
2023-06-09 16:12:46 info: ==============TUVIEJA===================
2023-06-09 16:12:55 info: =================================
2023-06-09 16:12:55 info: ======= ENV: development =======
2023-06-09 16:12:55 info: 🚀 App listening on the port 8546
2023-06-09 16:12:55 info: ==============TUVIEJA===================
2023-06-09 16:13:22 info: =================================
2023-06-09 16:13:22 info: ======= ENV: development =======
2023-06-09 16:13:22 info: 🚀 App listening on the port 8546
2023-06-09 16:13:22 info: ==============TUVIEJA===================
2023-06-09 16:16:11 info: =================================
2023-06-09 16:16:11 info: ======= ENV: development =======
2023-06-09 16:16:11 info: 🚀 App listening on the port 8546
2023-06-09 16:16:11 info: ==============TUVIEJA===================
2023-06-09 16:16:39 info: =================================
2023-06-09 16:16:39 info: ======= ENV: development =======
2023-06-09 16:16:39 info: 🚀 App listening on the port 8546
2023-06-09 16:16:39 info: ==============TUVIEJA===================
2023-06-09 16:18:26 info: =================================
2023-06-09 16:18:26 info: ======= ENV: development =======
2023-06-09 16:18:26 info: 🚀 App listening on the port 8546
2023-06-09 16:18:26 info: ==============TUVIEJA===================
2023-06-09 16:18:34 info: =================================
2023-06-09 16:18:34 info: ======= ENV: development =======
2023-06-09 16:18:34 info: 🚀 App listening on the port 8546
2023-06-09 16:18:34 info: ==============TUVIEJA===================
2023-06-09 16:18:42 info: [0mOPTIONS /users/postThingy [32m204[0m 0.745 ms - 0[0m
2023-06-09 16:18:42 info: [0mPOST /users/postThingy [32m200[0m 30.940 ms - 21[0m
2023-06-09 16:19:07 info: [0mPOST /users/postThingy [32m200[0m 2.421 ms - 21[0m
2023-06-09 16:20:24 info: =================================
2023-06-09 16:20:24 info: ======= ENV: development =======
2023-06-09 16:20:24 info: 🚀 App listening on the port 8546
2023-06-09 16:20:24 info: ==============TUVIEJA===================
2023-06-09 16:20:57 info: =================================
2023-06-09 16:20:57 info: ======= ENV: development =======
2023-06-09 16:20:57 info: 🚀 App listening on the port 8546
2023-06-09 16:20:57 info: ==============TUVIEJA===================
2023-06-09 16:21:10 info: [0mOPTIONS /users/postThingy [32m204[0m 0.998 ms - 0[0m
2023-06-09 16:21:10 info: [0mPOST /users/postThingy [32m200[0m 32.149 ms - 21[0m
2023-06-09 16:21:22 info: [0mPOST /users/postThingy [32m200[0m 2.955 ms - 21[0m
2023-06-09 16:25:03 info: =================================
2023-06-09 16:25:03 info: ======= ENV: development =======
2023-06-09 16:25:03 info: 🚀 App listening on the port 8546
2023-06-09 16:25:03 info: ==============TUVIEJA===================
2023-06-09 16:25:11 info: [0mPOST /users/postThingy [32m200[0m 28.286 ms - 21[0m
2023-06-09 16:25:25 info: =================================
2023-06-09 16:25:25 info: ======= ENV: development =======
2023-06-09 16:25:25 info: 🚀 App listening on the port 8546
2023-06-09 16:25:25 info: ==============TUVIEJA===================
2023-06-09 16:26:13 info: =================================
2023-06-09 16:26:13 info: ======= ENV: development =======
2023-06-09 16:26:13 info: 🚀 App listening on the port 8546
2023-06-09 16:26:13 info: ==============TUVIEJA===================
2023-06-09 16:26:21 info: [0mPOST /users/postThingy [32m200[0m 27.197 ms - 21[0m
2023-06-09 16:26:41 info: =================================
2023-06-09 16:26:41 info: ======= ENV: development =======
2023-06-09 16:26:41 info: 🚀 App listening on the port 8546
2023-06-09 16:26:41 info: ==============TUVIEJA===================
2023-06-09 16:26:44 info: [0mPOST /users/postThingy [32m200[0m 26.656 ms - 21[0m
2023-06-09 16:26:53 info: =================================
2023-06-09 16:26:53 info: ======= ENV: development =======
2023-06-09 16:26:53 info: 🚀 App listening on the port 8546
2023-06-09 16:26:53 info: ==============TUVIEJA===================
2023-06-09 16:27:05 info: =================================
2023-06-09 16:27:05 info: ======= ENV: development =======
2023-06-09 16:27:05 info: 🚀 App listening on the port 8546
2023-06-09 16:27:05 info: ==============TUVIEJA===================
2023-06-09 16:28:38 info: =================================
2023-06-09 16:28:38 info: ======= ENV: development =======
2023-06-09 16:28:38 info: 🚀 App listening on the port 8546
2023-06-09 16:28:38 info: ==============TUVIEJA===================
2023-06-09 16:28:44 info: [0mPOST /users/postThingy [32m200[0m 27.191 ms - 21[0m
2023-06-09 16:30:18 info: =================================
2023-06-09 16:30:18 info: ======= ENV: development =======
2023-06-09 16:30:18 info: 🚀 App listening on the port 8546
2023-06-09 16:30:18 info: ==============TUVIEJA===================
2023-06-09 16:33:54 info: =================================
2023-06-09 16:33:54 info: ======= ENV: development =======
2023-06-09 16:33:54 info: 🚀 App listening on the port 8546
2023-06-09 16:33:54 info: ==============TUVIEJA===================
2023-06-09 16:34:16 info: [0mPOST /users/postThingy [32m200[0m 28.081 ms - 21[0m
2023-06-09 16:34:41 info: =================================
2023-06-09 16:34:41 info: ======= ENV: development =======
2023-06-09 16:34:41 info: 🚀 App listening on the port 8546
2023-06-09 16:34:41 info: ==============TUVIEJA===================
2023-06-09 16:34:46 info: [0mPOST /users/postThingy [32m200[0m 27.079 ms - 21[0m
2023-06-09 16:35:04 info: [0mPOST /users/postThingy [32m200[0m 2.763 ms - 21[0m
2023-06-09 16:36:02 info: =================================
2023-06-09 16:36:02 info: ======= ENV: development =======
2023-06-09 16:36:02 info: 🚀 App listening on the port 8546
2023-06-09 16:36:02 info: ==============TUVIEJA===================
2023-06-09 16:36:08 info: [0mPOST /users/postThingy [32m200[0m 26.639 ms - 21[0m
2023-06-09 16:36:17 info: [0mOPTIONS /users/postThingy [32m204[0m 0.310 ms - 0[0m
2023-06-09 16:36:17 info: [0mPOST /users/postThingy [32m200[0m 8.648 ms - 21[0m
