2023-06-10 09:46:00 info: =================================
2023-06-10 09:46:00 info: ======= ENV: development =======
2023-06-10 09:46:00 info: 🚀 App listening on the port 8546
2023-06-10 09:46:00 info: ==============TUVIEJA===================
2023-06-10 09:46:06 info: [0mOPTIONS /users/postThingy [32m204[0m 1.514 ms - 0[0m
2023-06-10 09:46:06 info: [0mPOST /users/postThingy [32m200[0m 12.462 ms - 21[0m
2023-06-10 09:55:42 info: =================================
2023-06-10 09:55:42 info: ======= ENV: development =======
2023-06-10 09:55:42 info: 🚀 App listening on the port 8546
2023-06-10 09:55:42 info: ==============TUVIEJA===================
2023-06-10 09:58:12 info: =================================
2023-06-10 09:58:12 info: ======= ENV: development =======
2023-06-10 09:58:12 info: 🚀 App listening on the port 8546
2023-06-10 09:58:12 info: ==============TUVIEJA===================
2023-06-10 09:58:15 info: [0mOPTIONS /users/postThingy [32m204[0m 0.606 ms - 0[0m
2023-06-10 09:58:15 info: [0mPOST /users/postThingy [32m200[0m 6.397 ms - 21[0m
2023-06-10 09:59:29 info: =================================
2023-06-10 09:59:29 info: ======= ENV: development =======
2023-06-10 09:59:29 info: 🚀 App listening on the port 8546
2023-06-10 09:59:29 info: ==============TUVIEJA===================
2023-06-10 09:59:32 info: [0mOPTIONS /users/postThingy [32m204[0m 0.593 ms - 0[0m
2023-06-10 09:59:32 info: [0mPOST /users/postThingy [32m200[0m 6.291 ms - 21[0m
2023-06-10 10:00:28 info: =================================
2023-06-10 10:00:28 info: ======= ENV: development =======
2023-06-10 10:00:28 info: 🚀 App listening on the port 8546
2023-06-10 10:00:28 info: ==============TUVIEJA===================
2023-06-10 10:00:30 info: [0mOPTIONS /users/postThingy [32m204[0m 0.578 ms - 0[0m
2023-06-10 10:00:30 info: [0mPOST /users/postThingy [32m200[0m 6.337 ms - 21[0m
2023-06-10 10:02:38 info: =================================
2023-06-10 10:02:39 info: ======= ENV: development =======
2023-06-10 10:02:39 info: 🚀 App listening on the port 8546
2023-06-10 10:02:39 info: ==============TUVIEJA===================
2023-06-10 10:02:59 info: =================================
2023-06-10 10:02:59 info: ======= ENV: development =======
2023-06-10 10:02:59 info: 🚀 App listening on the port 8546
2023-06-10 10:02:59 info: ==============TUVIEJA===================
2023-06-10 10:03:01 info: [0mOPTIONS /users/postThingy [32m204[0m 0.585 ms - 0[0m
2023-06-10 10:03:01 info: [0mPOST /users/postThingy [32m200[0m 6.180 ms - 21[0m
2023-06-10 10:03:30 info: =================================
2023-06-10 10:03:30 info: ======= ENV: development =======
2023-06-10 10:03:30 info: 🚀 App listening on the port 8546
2023-06-10 10:03:30 info: ==============TUVIEJA===================
2023-06-10 10:03:31 info: [0mOPTIONS /users/postThingy [32m204[0m 0.581 ms - 0[0m
2023-06-10 10:03:31 info: [0mPOST /users/postThingy [32m200[0m 6.459 ms - 21[0m
2023-06-10 10:05:49 info: =================================
2023-06-10 10:05:49 info: ======= ENV: development =======
2023-06-10 10:05:49 info: 🚀 App listening on the port 8546
2023-06-10 10:05:49 info: ==============TUVIEJA===================
2023-06-10 10:05:53 info: [0mOPTIONS /users/postThingy [32m204[0m 0.601 ms - 0[0m
2023-06-10 10:05:53 info: [0mPOST /users/postThingy [32m200[0m 6.115 ms - 21[0m
2023-06-10 10:06:29 info: =================================
2023-06-10 10:06:29 info: ======= ENV: development =======
2023-06-10 10:06:29 info: 🚀 App listening on the port 8546
2023-06-10 10:06:29 info: ==============TUVIEJA===================
2023-06-10 10:06:31 info: [0mOPTIONS /users/postThingy [32m204[0m 0.581 ms - 0[0m
2023-06-10 10:06:31 info: [0mPOST /users/postThingy [32m200[0m 6.104 ms - 21[0m
2023-06-10 10:07:26 info: =================================
2023-06-10 10:07:26 info: ======= ENV: development =======
2023-06-10 10:07:26 info: 🚀 App listening on the port 8546
2023-06-10 10:07:26 info: ==============TUVIEJA===================
2023-06-10 10:07:28 info: [0mOPTIONS /users/postThingy [32m204[0m 0.583 ms - 0[0m
2023-06-10 10:07:28 info: [0mPOST /users/postThingy [32m200[0m 6.203 ms - 21[0m
2023-06-10 13:20:31 info: =================================
2023-06-10 13:20:31 info: ======= ENV: development =======
2023-06-10 13:20:31 info: 🚀 App listening on the port 8546
2023-06-10 13:20:31 info: ==============TUVIEJA===================
2023-06-10 13:21:21 info: =================================
2023-06-10 13:21:21 info: ======= ENV: development =======
2023-06-10 13:21:21 info: 🚀 App listening on the port 8546
2023-06-10 13:21:21 info: ==============TUVIEJA===================
2023-06-10 13:24:42 info: =================================
2023-06-10 13:24:42 info: ======= ENV: development =======
2023-06-10 13:24:42 info: 🚀 App listening on the port 8546
2023-06-10 13:24:42 info: ==============TUVIEJA===================
2023-06-10 13:26:22 info: =================================
2023-06-10 13:26:22 info: ======= ENV: development =======
2023-06-10 13:26:22 info: 🚀 App listening on the port 8546
2023-06-10 13:26:22 info: ==============TUVIEJA===================
2023-06-10 13:27:19 info: =================================
2023-06-10 13:27:19 info: ======= ENV: development =======
2023-06-10 13:27:19 info: 🚀 App listening on the port 8546
2023-06-10 13:27:19 info: ==============TUVIEJA===================
2023-06-10 13:29:20 info: =================================
2023-06-10 13:29:20 info: ======= ENV: development =======
2023-06-10 13:29:20 info: 🚀 App listening on the port 8546
2023-06-10 13:29:20 info: ==============TUVIEJA===================
2023-06-10 13:30:38 info: =================================
2023-06-10 13:30:38 info: ======= ENV: development =======
2023-06-10 13:30:38 info: 🚀 App listening on the port 8546
2023-06-10 13:30:38 info: ==============TUVIEJA===================
2023-06-10 13:31:04 info: =================================
2023-06-10 13:31:04 info: ======= ENV: development =======
2023-06-10 13:31:04 info: 🚀 App listening on the port 8546
2023-06-10 13:31:04 info: ==============TUVIEJA===================
2023-06-10 13:31:35 info: =================================
2023-06-10 13:31:35 info: ======= ENV: development =======
2023-06-10 13:31:35 info: 🚀 App listening on the port 8546
2023-06-10 13:31:35 info: ==============TUVIEJA===================
2023-06-10 13:32:39 info: =================================
2023-06-10 13:32:39 info: ======= ENV: development =======
2023-06-10 13:32:39 info: 🚀 App listening on the port 8546
2023-06-10 13:32:39 info: ==============TUVIEJA===================
2023-06-10 13:33:07 info: =================================
2023-06-10 13:33:07 info: ======= ENV: development =======
2023-06-10 13:33:07 info: 🚀 App listening on the port 8546
2023-06-10 13:33:07 info: ==============TUVIEJA===================
2023-06-10 13:35:51 info: =================================
2023-06-10 13:35:51 info: ======= ENV: development =======
2023-06-10 13:35:51 info: 🚀 App listening on the port 8546
2023-06-10 13:35:51 info: ==============TUVIEJA===================
2023-06-10 13:36:02 info: =================================
2023-06-10 13:36:02 info: ======= ENV: development =======
2023-06-10 13:36:02 info: 🚀 App listening on the port 8546
2023-06-10 13:36:02 info: ==============TUVIEJA===================
2023-06-10 13:48:19 info: =================================
2023-06-10 13:48:19 info: ======= ENV: development =======
2023-06-10 13:48:19 info: 🚀 App listening on the port 8546
2023-06-10 13:48:19 info: ==============TUVIEJA===================
2023-06-10 13:49:35 info: =================================
2023-06-10 13:49:35 info: ======= ENV: development =======
2023-06-10 13:49:35 info: 🚀 App listening on the port 8546
2023-06-10 13:49:35 info: ==============TUVIEJA===================
2023-06-10 13:51:02 info: =================================
2023-06-10 13:51:02 info: ======= ENV: development =======
2023-06-10 13:51:02 info: 🚀 App listening on the port 8546
2023-06-10 13:51:02 info: ==============TUVIEJA===================
2023-06-10 13:51:36 info: =================================
2023-06-10 13:51:36 info: ======= ENV: development =======
2023-06-10 13:51:36 info: 🚀 App listening on the port 8546
2023-06-10 13:51:36 info: ==============TUVIEJA===================
2023-06-10 13:52:37 info: =================================
2023-06-10 13:52:37 info: ======= ENV: development =======
2023-06-10 13:52:37 info: 🚀 App listening on the port 8546
2023-06-10 13:52:37 info: ==============TUVIEJA===================
2023-06-10 13:56:03 info: =================================
2023-06-10 13:56:03 info: ======= ENV: development =======
2023-06-10 13:56:03 info: 🚀 App listening on the port 8546
2023-06-10 13:56:03 info: ==============TUVIEJA===================
2023-06-10 13:57:31 info: [0mOPTIONS /users/postThingy [32m204[0m 1.345 ms - 0[0m
2023-06-10 13:57:31 info: [0mPOST /users/postThingy [32m200[0m 16.440 ms - 21[0m
2023-06-10 14:00:38 info: =================================
2023-06-10 14:00:38 info: ======= ENV: development =======
2023-06-10 14:00:38 info: 🚀 App listening on the port 8546
2023-06-10 14:00:38 info: ==============TUVIEJA===================
2023-06-10 14:00:46 info: =================================
2023-06-10 14:00:46 info: ======= ENV: development =======
2023-06-10 14:00:46 info: 🚀 App listening on the port 8546
2023-06-10 14:00:46 info: ==============TUVIEJA===================
2023-06-10 14:00:50 info: [0mOPTIONS /users/postThingy [32m204[0m 0.579 ms - 0[0m
2023-06-10 14:00:50 info: [0mPOST /users/postThingy [32m200[0m 9.118 ms - 21[0m
2023-06-10 14:05:06 info: =================================
2023-06-10 14:05:06 info: ======= ENV: development =======
2023-06-10 14:05:06 info: 🚀 App listening on the port 8546
2023-06-10 14:05:06 info: ==============TUVIEJA===================
2023-06-10 14:05:20 info: [0mOPTIONS /users/postThingy [32m204[0m 0.605 ms - 0[0m
2023-06-10 14:05:20 info: [0mPOST /users/postThingy [32m200[0m 9.661 ms - 21[0m
2023-06-10 14:11:34 info: =================================
2023-06-10 14:11:34 info: ======= ENV: development =======
2023-06-10 14:11:34 info: 🚀 App listening on the port 8546
2023-06-10 14:11:34 info: ==============TUVIEJA===================
2023-06-10 14:11:42 info: =================================
2023-06-10 14:11:42 info: ======= ENV: development =======
2023-06-10 14:11:42 info: 🚀 App listening on the port 8546
2023-06-10 14:11:42 info: ==============TUVIEJA===================
2023-06-10 14:11:52 info: [0mOPTIONS /users/postThingy [32m204[0m 1.225 ms - 0[0m
2023-06-10 14:11:52 info: [0mPOST /users/postThingy [32m200[0m 9.610 ms - 21[0m
2023-06-10 14:12:37 info: =================================
2023-06-10 14:12:37 info: ======= ENV: development =======
2023-06-10 14:12:37 info: 🚀 App listening on the port 8546
2023-06-10 14:12:37 info: ==============TUVIEJA===================
2023-06-10 14:12:57 info: =================================
2023-06-10 14:12:57 info: ======= ENV: development =======
2023-06-10 14:12:57 info: 🚀 App listening on the port 8546
2023-06-10 14:12:57 info: ==============TUVIEJA===================
2023-06-10 14:17:31 info: [0mOPTIONS /users/postThingy [32m204[0m 1.102 ms - 0[0m
2023-06-10 14:17:31 info: [0mPOST /users/postThingy [32m200[0m 18.994 ms - 21[0m
2023-06-10 17:47:45 info: [0mOPTIONS /users/postThingy [32m204[0m 0.101 ms - 0[0m
2023-06-10 17:47:45 info: [0mPOST /users/postThingy [32m200[0m 1.627 ms - 21[0m
2023-06-10 18:02:15 info: =================================
2023-06-10 18:02:15 info: ======= ENV: development =======
2023-06-10 18:02:15 info: 🚀 App listening on the port 8546
2023-06-10 18:02:15 info: ==============TUVIEJA===================
2023-06-10 18:08:25 info: [0mOPTIONS /users/postThingy [32m204[0m 2.075 ms - 0[0m
2023-06-10 18:08:25 info: [0mPOST /users/postThingy [32m200[0m 17.291 ms - 21[0m
2023-06-10 18:08:50 info: =================================
2023-06-10 18:08:50 info: ======= ENV: development =======
2023-06-10 18:08:50 info: 🚀 App listening on the port 8546
2023-06-10 18:08:50 info: ==============TUVIEJA===================
2023-06-10 18:08:54 info: [0mOPTIONS /users/postThingy [32m204[0m 0.586 ms - 0[0m
2023-06-10 18:08:54 info: [0mPOST /users/postThingy [32m200[0m 6.278 ms - 21[0m
2023-06-10 18:10:30 info: =================================
2023-06-10 18:10:30 info: ======= ENV: development =======
2023-06-10 18:10:30 info: 🚀 App listening on the port 8546
2023-06-10 18:10:30 info: ==============TUVIEJA===================
2023-06-10 18:10:39 info: [0mOPTIONS /users/postThingy [32m204[0m 0.661 ms - 0[0m
2023-06-10 18:10:39 info: [0mPOST /users/postThingy [32m200[0m 7.570 ms - 21[0m
2023-06-10 18:11:22 info: =================================
2023-06-10 18:11:22 info: ======= ENV: development =======
2023-06-10 18:11:22 info: 🚀 App listening on the port 8546
2023-06-10 18:11:22 info: ==============TUVIEJA===================
2023-06-10 18:12:05 info: =================================
2023-06-10 18:12:05 info: ======= ENV: development =======
2023-06-10 18:12:05 info: 🚀 App listening on the port 8546
2023-06-10 18:12:05 info: ==============TUVIEJA===================
2023-06-10 18:12:07 info: [0mOPTIONS /users/postThingy [32m204[0m 0.659 ms - 0[0m
2023-06-10 18:12:07 info: [0mPOST /users/postThingy [32m200[0m 6.284 ms - 21[0m
2023-06-10 18:12:57 info: =================================
2023-06-10 18:12:57 info: ======= ENV: development =======
2023-06-10 18:12:57 info: 🚀 App listening on the port 8546
2023-06-10 18:12:57 info: ==============TUVIEJA===================
2023-06-10 18:13:00 info: [0mOPTIONS /users/postThingy [32m204[0m 0.767 ms - 0[0m
2023-06-10 18:13:00 info: [0mPOST /users/postThingy [32m200[0m 6.169 ms - 21[0m
2023-06-10 18:13:50 info: =================================
2023-06-10 18:13:50 info: ======= ENV: development =======
2023-06-10 18:13:50 info: 🚀 App listening on the port 8546
2023-06-10 18:13:50 info: ==============TUVIEJA===================
2023-06-10 18:13:54 info: [0mOPTIONS /users/postThingy [32m204[0m 0.612 ms - 0[0m
2023-06-10 18:13:54 info: [0mPOST /users/postThingy [32m200[0m 6.156 ms - 21[0m
2023-06-10 18:14:28 info: =================================
2023-06-10 18:14:28 info: ======= ENV: development =======
2023-06-10 18:14:28 info: 🚀 App listening on the port 8546
2023-06-10 18:14:28 info: ==============TUVIEJA===================
2023-06-10 18:14:43 info: [0mOPTIONS /users/postThingy [32m204[0m 0.594 ms - 0[0m
2023-06-10 18:14:43 info: [0mPOST /users/postThingy [32m200[0m 6.643 ms - 21[0m
2023-06-10 18:30:37 info: =================================
2023-06-10 18:30:37 info: ======= ENV: development =======
2023-06-10 18:30:37 info: 🚀 App listening on the port 8546
2023-06-10 18:30:37 info: ==============TUVIEJA===================
2023-06-10 18:30:50 info: [0mOPTIONS /users/postThingy [32m204[0m 0.757 ms - 0[0m
2023-06-10 18:30:50 info: [0mPOST /users/postThingy [32m200[0m 7.444 ms - 21[0m
2023-06-10 18:31:24 info: =================================
2023-06-10 18:31:24 info: ======= ENV: development =======
2023-06-10 18:31:24 info: 🚀 App listening on the port 8546
2023-06-10 18:31:24 info: ==============TUVIEJA===================
2023-06-10 18:31:26 info: [0mOPTIONS /users/postThingy [32m204[0m 0.585 ms - 0[0m
2023-06-10 18:31:26 info: [0mPOST /users/postThingy [32m200[0m 6.165 ms - 21[0m
2023-06-10 18:33:02 info: =================================
2023-06-10 18:33:02 info: ======= ENV: development =======
2023-06-10 18:33:02 info: 🚀 App listening on the port 8546
2023-06-10 18:33:02 info: ==============TUVIEJA===================
2023-06-10 18:34:04 info: =================================
2023-06-10 18:34:04 info: ======= ENV: development =======
2023-06-10 18:34:04 info: 🚀 App listening on the port 8546
2023-06-10 18:34:04 info: ==============TUVIEJA===================
2023-06-10 18:37:14 info: =================================
2023-06-10 18:37:14 info: ======= ENV: development =======
2023-06-10 18:37:14 info: 🚀 App listening on the port 8546
2023-06-10 18:37:14 info: ==============TUVIEJA===================
2023-06-10 18:37:22 info: =================================
2023-06-10 18:37:22 info: ======= ENV: development =======
2023-06-10 18:37:22 info: 🚀 App listening on the port 8546
2023-06-10 18:37:22 info: ==============TUVIEJA===================
2023-06-10 18:37:37 info: [0mOPTIONS /users/postThingy [32m204[0m 0.643 ms - 0[0m
2023-06-10 18:37:37 info: [0mPOST /users/postThingy [32m200[0m 6.769 ms - 21[0m
2023-06-10 18:48:57 info: =================================
2023-06-10 18:48:57 info: ======= ENV: development =======
2023-06-10 18:48:57 info: 🚀 App listening on the port 8546
2023-06-10 18:48:57 info: ==============TUVIEJA===================
2023-06-10 18:49:04 info: =================================
2023-06-10 18:49:04 info: ======= ENV: development =======
2023-06-10 18:49:04 info: 🚀 App listening on the port 8546
2023-06-10 18:49:04 info: ==============TUVIEJA===================
2023-06-10 18:55:19 info: =================================
2023-06-10 18:55:19 info: ======= ENV: development =======
2023-06-10 18:55:19 info: 🚀 App listening on the port 8546
2023-06-10 18:55:19 info: ==============TUVIEJA===================
2023-06-10 19:00:00 info: =================================
2023-06-10 19:00:00 info: ======= ENV: development =======
2023-06-10 19:00:00 info: 🚀 App listening on the port 8546
2023-06-10 19:00:00 info: ==============TUVIEJA===================
2023-06-10 19:00:07 info: [0mOPTIONS /users/postThingy [32m204[0m 1.946 ms - 0[0m
2023-06-10 19:00:07 info: [0mPOST /users/postThingy [32m200[0m 13.025 ms - 21[0m
2023-06-10 19:00:34 info: =================================
2023-06-10 19:00:34 info: ======= ENV: development =======
2023-06-10 19:00:34 info: 🚀 App listening on the port 8546
2023-06-10 19:00:34 info: ==============TUVIEJA===================
2023-06-10 19:02:05 info: =================================
2023-06-10 19:02:05 info: ======= ENV: development =======
2023-06-10 19:02:05 info: 🚀 App listening on the port 8546
2023-06-10 19:02:05 info: ==============TUVIEJA===================
2023-06-10 19:02:27 info: =================================
2023-06-10 19:02:27 info: ======= ENV: development =======
2023-06-10 19:02:27 info: 🚀 App listening on the port 8546
2023-06-10 19:02:27 info: ==============TUVIEJA===================
2023-06-10 19:02:44 info: [0mOPTIONS /users/postThingy [32m204[0m 0.598 ms - 0[0m
2023-06-10 19:02:44 info: [0mPOST /users/postThingy [32m200[0m 7.024 ms - 21[0m
2023-06-10 19:03:06 info: [0mOPTIONS /users/postThingy [32m204[0m 0.245 ms - 0[0m
2023-06-10 19:03:06 info: [0mPOST /users/postThingy [32m200[0m 2.371 ms - 21[0m
2023-06-10 19:05:38 info: =================================
2023-06-10 19:05:38 info: ======= ENV: development =======
2023-06-10 19:05:38 info: 🚀 App listening on the port 8546
2023-06-10 19:05:38 info: ==============TUVIEJA===================
2023-06-10 19:05:58 info: =================================
2023-06-10 19:05:58 info: ======= ENV: development =======
2023-06-10 19:05:58 info: 🚀 App listening on the port 8546
2023-06-10 19:05:58 info: ==============TUVIEJA===================
2023-06-10 19:06:02 info: [0mOPTIONS /users/postThingy [32m204[0m 0.601 ms - 0[0m
2023-06-10 19:06:02 info: [0mPOST /users/postThingy [32m200[0m 6.230 ms - 21[0m
2023-06-10 19:06:38 info: =================================
2023-06-10 19:06:38 info: ======= ENV: development =======
2023-06-10 19:06:38 info: 🚀 App listening on the port 8546
2023-06-10 19:06:38 info: ==============TUVIEJA===================
2023-06-10 19:06:45 info: [0mOPTIONS /users/postThingy [32m204[0m 0.598 ms - 0[0m
2023-06-10 19:06:45 info: [0mPOST /users/postThingy [32m200[0m 6.127 ms - 21[0m
2023-06-10 19:07:10 info: =================================
2023-06-10 19:07:10 info: ======= ENV: development =======
2023-06-10 19:07:10 info: 🚀 App listening on the port 8546
2023-06-10 19:07:10 info: ==============TUVIEJA===================
2023-06-10 19:07:18 info: [0mOPTIONS /users/postThingy [32m204[0m 0.593 ms - 0[0m
2023-06-10 19:07:18 info: [0mPOST /users/postThingy [32m200[0m 6.726 ms - 21[0m
2023-06-10 19:08:01 info: =================================
2023-06-10 19:08:01 info: ======= ENV: development =======
2023-06-10 19:08:01 info: 🚀 App listening on the port 8546
2023-06-10 19:08:01 info: ==============TUVIEJA===================
2023-06-10 19:08:15 info: [0mOPTIONS /users/postThingy [32m204[0m 1.105 ms - 0[0m
2023-06-10 19:08:15 info: [0mPOST /users/postThingy [32m200[0m 10.945 ms - 21[0m
2023-06-10 19:27:06 info: =================================
2023-06-10 19:27:06 info: ======= ENV: development =======
2023-06-10 19:27:06 info: 🚀 App listening on the port 8546
2023-06-10 19:27:06 info: ==============TUVIEJA===================
2023-06-10 19:27:08 info: [0mOPTIONS /users/postThingy [32m204[0m 0.588 ms - 0[0m
2023-06-10 19:27:08 info: [0mPOST /users/postThingy [32m200[0m 6.209 ms - 21[0m
2023-06-10 19:27:32 info: =================================
2023-06-10 19:27:32 info: ======= ENV: development =======
2023-06-10 19:27:32 info: 🚀 App listening on the port 8546
2023-06-10 19:27:32 info: ==============TUVIEJA===================
2023-06-10 19:27:46 info: =================================
2023-06-10 19:27:46 info: ======= ENV: development =======
2023-06-10 19:27:46 info: 🚀 App listening on the port 8546
2023-06-10 19:27:46 info: ==============TUVIEJA===================
2023-06-10 19:28:09 info: =================================
2023-06-10 19:28:09 info: ======= ENV: development =======
2023-06-10 19:28:09 info: 🚀 App listening on the port 8546
2023-06-10 19:28:09 info: ==============TUVIEJA===================
2023-06-10 19:28:11 info: [0mOPTIONS /users/postThingy [32m204[0m 0.615 ms - 0[0m
2023-06-10 19:28:11 info: [0mPOST /users/postThingy [32m200[0m 6.257 ms - 21[0m
2023-06-10 19:29:56 info: =================================
2023-06-10 19:29:56 info: ======= ENV: development =======
2023-06-10 19:29:56 info: 🚀 App listening on the port 8546
2023-06-10 19:29:56 info: ==============TUVIEJA===================
2023-06-10 19:30:00 info: [0mOPTIONS /users/postThingy [32m204[0m 0.583 ms - 0[0m
2023-06-10 19:30:00 info: [0mPOST /users/postThingy [32m200[0m 6.474 ms - 21[0m
2023-06-10 19:30:44 info: =================================
2023-06-10 19:30:44 info: ======= ENV: development =======
2023-06-10 19:30:44 info: 🚀 App listening on the port 8546
2023-06-10 19:30:44 info: ==============TUVIEJA===================
2023-06-10 19:30:52 info: [0mOPTIONS /users/postThingy [32m204[0m 0.600 ms - 0[0m
2023-06-10 19:30:52 info: [0mPOST /users/postThingy [32m200[0m 6.300 ms - 21[0m
2023-06-10 19:31:37 info: =================================
2023-06-10 19:31:37 info: ======= ENV: development =======
2023-06-10 19:31:37 info: 🚀 App listening on the port 8546
2023-06-10 19:31:37 info: ==============TUVIEJA===================
2023-06-10 19:31:42 info: [0mOPTIONS /users/postThingy [32m204[0m 0.586 ms - 0[0m
2023-06-10 19:31:42 info: [0mPOST /users/postThingy [32m200[0m 6.244 ms - 21[0m
2023-06-10 19:32:14 info: [0mOPTIONS /users/postThingy [32m204[0m 0.352 ms - 0[0m
2023-06-10 19:32:14 info: [0mPOST /users/postThingy [32m200[0m 1.080 ms - 21[0m
2023-06-10 19:43:24 info: =================================
2023-06-10 19:43:24 info: ======= ENV: development =======
2023-06-10 19:43:24 info: 🚀 App listening on the port 8546
2023-06-10 19:43:24 info: ==============TUVIEJA===================
2023-06-10 19:44:04 info: =================================
2023-06-10 19:44:04 info: ======= ENV: development =======
2023-06-10 19:44:04 info: 🚀 App listening on the port 8546
2023-06-10 19:44:04 info: ==============TUVIEJA===================
2023-06-10 19:44:17 info: [0mOPTIONS /users/postThingy [32m204[0m 0.595 ms - 0[0m
2023-06-10 19:44:17 info: [0mPOST /users/postThingy [32m200[0m 6.723 ms - 21[0m
2023-06-10 21:33:26 info: =================================
2023-06-10 21:33:26 info: ======= ENV: development =======
2023-06-10 21:33:26 info: 🚀 App listening on the port 8546
2023-06-10 21:33:26 info: ==============TUVIEJA===================
2023-06-10 21:34:07 info: [0mOPTIONS /users/postThingy [32m204[0m 1.964 ms - 0[0m
2023-06-10 21:34:07 info: [0mPOST /users/postThingy [32m200[0m 11.398 ms - 21[0m
