2023-06-12 09:46:25 info: =================================
2023-06-12 09:46:25 info: ======= ENV: development =======
2023-06-12 09:46:25 info: 🚀 App listening on the port 8546
2023-06-12 09:46:25 info: ==============TUVIEJA===================
2023-06-12 09:47:31 info: =================================
2023-06-12 09:47:31 info: ======= ENV: development =======
2023-06-12 09:47:31 info: 🚀 App listening on the port 8546
2023-06-12 09:47:31 info: ==============TUVIEJA===================
2023-06-12 10:22:31 info: =================================
2023-06-12 10:22:31 info: ======= ENV: development =======
2023-06-12 10:22:31 info: 🚀 App listening on the port 8546
2023-06-12 10:22:31 info: ==============TUVIEJA===================
2023-06-12 10:22:59 info: =================================
2023-06-12 10:22:59 info: ======= ENV: development =======
2023-06-12 10:22:59 info: 🚀 App listening on the port 8546
2023-06-12 10:22:59 info: ==============TUVIEJA===================
2023-06-12 10:23:49 info: =================================
2023-06-12 10:23:49 info: ======= ENV: development =======
2023-06-12 10:23:49 info: 🚀 App listening on the port 8546
2023-06-12 10:23:49 info: ==============TUVIEJA===================
2023-06-12 10:24:06 info: [0mOPTIONS /users/postThingy [32m204[0m 0.641 ms - 0[0m
2023-06-12 10:24:06 info: [0mPOST /users/postThingy [32m200[0m 7.025 ms - 21[0m
2023-06-12 10:24:57 info: =================================
2023-06-12 10:24:57 info: ======= ENV: development =======
2023-06-12 10:24:57 info: 🚀 App listening on the port 8546
2023-06-12 10:24:57 info: ==============TUVIEJA===================
2023-06-12 10:24:58 info: [0mOPTIONS /create [32m204[0m 0.737 ms - 0[0m
2023-06-12 10:24:58 info: [0mPOST /create [33m404[0m 10.216 ms - 146[0m
2023-06-12 10:34:22 info: =================================
2023-06-12 10:34:22 info: ======= ENV: development =======
2023-06-12 10:34:22 info: 🚀 App listening on the port 8546
2023-06-12 10:34:22 info: ==============TUVIEJA===================
2023-06-12 10:42:40 info: =================================
2023-06-12 10:42:40 info: ======= ENV: development =======
2023-06-12 10:42:40 info: 🚀 App listening on the port 8546
2023-06-12 10:42:40 info: ==============TUVIEJA===================
2023-06-12 10:42:42 info: [0mOPTIONS /users/postThingy [32m204[0m 0.585 ms - 0[0m
2023-06-12 10:42:42 info: [0mPOST /users/postThingy [32m200[0m 6.034 ms - 21[0m
2023-06-12 10:43:22 info: =================================
2023-06-12 10:43:22 info: ======= ENV: development =======
2023-06-12 10:43:22 info: 🚀 App listening on the port 8546
2023-06-12 10:43:22 info: ==============TUVIEJA===================
2023-06-12 10:43:27 info: [0mOPTIONS /users/postThingy [32m204[0m 0.579 ms - 0[0m
2023-06-12 10:43:27 info: [0mPOST /users/postThingy [32m200[0m 6.293 ms - 21[0m
2023-06-12 10:47:05 info: =================================
2023-06-12 10:47:05 info: ======= ENV: development =======
2023-06-12 10:47:05 info: 🚀 App listening on the port 8546
2023-06-12 10:47:05 info: ==============TUVIEJA===================
2023-06-12 10:47:19 info: =================================
2023-06-12 10:47:19 info: ======= ENV: development =======
2023-06-12 10:47:19 info: 🚀 App listening on the port 8546
2023-06-12 10:47:19 info: ==============TUVIEJA===================
2023-06-12 10:47:22 info: [0mOPTIONS /users/postThingy [32m204[0m 0.599 ms - 0[0m
2023-06-12 10:47:22 info: [0mPOST /users/postThingy [32m200[0m 6.333 ms - 21[0m
2023-06-12 10:47:45 info: [0mOPTIONS /users/postThingy [32m204[0m 0.127 ms - 0[0m
2023-06-12 10:47:45 info: [0mPOST /users/postThingy [32m200[0m 0.934 ms - 21[0m
2023-06-12 10:49:56 info: =================================
2023-06-12 10:49:56 info: ======= ENV: development =======
2023-06-12 10:49:56 info: 🚀 App listening on the port 8546
2023-06-12 10:49:56 info: ==============TUVIEJA===================
2023-06-12 10:50:28 info: =================================
2023-06-12 10:50:28 info: ======= ENV: development =======
2023-06-12 10:50:28 info: 🚀 App listening on the port 8546
2023-06-12 10:50:28 info: ==============TUVIEJA===================
2023-06-12 10:51:08 info: =================================
2023-06-12 10:51:08 info: ======= ENV: development =======
2023-06-12 10:51:08 info: 🚀 App listening on the port 8546
2023-06-12 10:51:08 info: ==============TUVIEJA===================
2023-06-12 10:51:16 info: =================================
2023-06-12 10:51:16 info: ======= ENV: development =======
2023-06-12 10:51:16 info: 🚀 App listening on the port 8546
2023-06-12 10:51:16 info: ==============TUVIEJA===================
2023-06-12 10:51:33 info: =================================
2023-06-12 10:51:33 info: ======= ENV: development =======
2023-06-12 10:51:33 info: 🚀 App listening on the port 8546
2023-06-12 10:51:33 info: ==============TUVIEJA===================
2023-06-12 10:52:08 info: =================================
2023-06-12 10:52:08 info: ======= ENV: development =======
2023-06-12 10:52:08 info: 🚀 App listening on the port 8546
2023-06-12 10:52:08 info: ==============TUVIEJA===================
2023-06-12 10:52:19 info: =================================
2023-06-12 10:52:19 info: ======= ENV: development =======
2023-06-12 10:52:19 info: 🚀 App listening on the port 8546
2023-06-12 10:52:19 info: ==============TUVIEJA===================
2023-06-12 10:52:36 info: =================================
2023-06-12 10:52:36 info: ======= ENV: development =======
2023-06-12 10:52:36 info: 🚀 App listening on the port 8546
2023-06-12 10:52:36 info: ==============TUVIEJA===================
2023-06-12 10:52:48 info: =================================
2023-06-12 10:52:48 info: ======= ENV: development =======
2023-06-12 10:52:48 info: 🚀 App listening on the port 8546
2023-06-12 10:52:48 info: ==============TUVIEJA===================
2023-06-12 12:15:27 info: =================================
2023-06-12 12:41:25 info: =================================
2023-06-12 12:41:25 info: ======= ENV: development =======
2023-06-12 12:41:25 info: 🚀 App listening on the port 8546
2023-06-12 12:41:25 info: ==============TUVIEJA===================
2023-06-12 15:10:47 info: =================================
2023-06-12 15:12:13 info: =================================
2023-06-12 15:12:13 info: ======= ENV: development =======
2023-06-12 15:12:13 info: 🚀 App listening on the port 8546
2023-06-12 15:12:13 info: ==============TUVIEJA===================
2023-06-12 15:12:24 info: [0mOPTIONS /users/postThingy [32m204[0m 0.598 ms - 0[0m
2023-06-12 15:12:24 info: [0mPOST /users/postThingy [32m200[0m 6.786 ms - 21[0m
2023-06-12 15:18:23 info: =================================
2023-06-12 15:18:23 info: ======= ENV: development =======
2023-06-12 15:18:23 info: 🚀 App listening on the port 8546
2023-06-12 15:18:23 info: ==============TUVIEJA===================
2023-06-12 15:18:27 info: [0mOPTIONS /users/postThingy [32m204[0m 1.056 ms - 0[0m
2023-06-12 15:18:27 info: [0mPOST /users/postThingy [32m200[0m 8.875 ms - 21[0m
2023-06-12 15:21:33 info: =================================
2023-06-12 15:21:33 info: ======= ENV: development =======
2023-06-12 15:21:33 info: 🚀 App listening on the port 8546
2023-06-12 15:21:33 info: ==============TUVIEJA===================
2023-06-12 15:24:58 info: =================================
2023-06-12 15:24:58 info: ======= ENV: development =======
2023-06-12 15:24:58 info: 🚀 App listening on the port 8546
2023-06-12 15:24:58 info: ==============TUVIEJA===================
2023-06-12 15:25:09 info: =================================
2023-06-12 15:25:09 info: ======= ENV: development =======
2023-06-12 15:25:09 info: 🚀 App listening on the port 8546
2023-06-12 15:25:09 info: ==============TUVIEJA===================
2023-06-12 15:25:13 info: [0mOPTIONS /users/postThingy [32m204[0m 1.066 ms - 0[0m
2023-06-12 15:25:13 info: [0mPOST /users/postThingy [32m200[0m 6.242 ms - 21[0m
2023-06-12 15:32:01 info: =================================
2023-06-12 15:32:01 info: ======= ENV: development =======
2023-06-12 15:32:01 info: 🚀 App listening on the port 8546
2023-06-12 15:32:01 info: ==============TUVIEJA===================
2023-06-12 15:36:45 info: =================================
2023-06-12 15:36:45 info: ======= ENV: development =======
2023-06-12 15:36:45 info: 🚀 App listening on the port 8546
2023-06-12 15:36:45 info: ==============TUVIEJA===================
2023-06-12 15:46:30 info: [0mOPTIONS /users/postThingy [32m204[0m 1.129 ms - 0[0m
2023-06-12 15:46:30 info: [0mPOST /users/postThingy [32m200[0m 15.712 ms - 21[0m
2023-06-12 15:49:25 info: =================================
2023-06-12 15:49:25 info: ======= ENV: development =======
2023-06-12 15:49:25 info: 🚀 App listening on the port 8546
2023-06-12 15:49:25 info: ==============TUVIEJA===================
2023-06-12 15:49:28 info: =================================
2023-06-12 15:49:28 info: ======= ENV: development =======
2023-06-12 15:49:28 info: 🚀 App listening on the port 8546
2023-06-12 15:49:28 info: ==============TUVIEJA===================
2023-06-12 15:49:33 info: [0mOPTIONS /users/postThingy [32m204[0m 1.100 ms - 0[0m
2023-06-12 15:49:33 info: [0mPOST /users/postThingy [32m200[0m 11.543 ms - 21[0m
2023-06-12 15:52:44 info: =================================
2023-06-12 15:52:44 info: ======= ENV: development =======
2023-06-12 15:52:44 info: 🚀 App listening on the port 8546
2023-06-12 15:52:44 info: ==============TUVIEJA===================
2023-06-12 15:53:51 info: =================================
2023-06-12 15:53:51 info: ======= ENV: development =======
2023-06-12 15:53:51 info: 🚀 App listening on the port 8546
2023-06-12 15:53:51 info: ==============TUVIEJA===================
2023-06-12 15:57:29 info: [0mOPTIONS /users/postThingy [32m204[0m 0.908 ms - 0[0m
2023-06-12 15:57:29 info: [0mPOST /users/postThingy [32m200[0m 6.568 ms - 21[0m
2023-06-12 15:57:39 info: =================================
2023-06-12 15:57:39 info: ======= ENV: development =======
2023-06-12 15:57:39 info: 🚀 App listening on the port 8546
2023-06-12 15:57:39 info: ==============TUVIEJA===================
2023-06-12 15:57:46 info: [0mOPTIONS /users/postThingy [32m204[0m 1.148 ms - 0[0m
2023-06-12 15:57:46 info: [0mPOST /users/postThingy [32m200[0m 8.450 ms - 21[0m
2023-06-12 15:59:10 info: =================================
2023-06-12 15:59:10 info: ======= ENV: development =======
2023-06-12 15:59:10 info: 🚀 App listening on the port 8546
2023-06-12 15:59:10 info: ==============TUVIEJA===================
2023-06-12 15:59:11 info: [0mOPTIONS /users/postThingy [32m204[0m 0.597 ms - 0[0m
2023-06-12 15:59:11 info: [0mPOST /users/postThingy [32m200[0m 6.349 ms - 21[0m
2023-06-12 16:01:24 info: =================================
2023-06-12 16:01:24 info: ======= ENV: development =======
2023-06-12 16:01:24 info: 🚀 App listening on the port 8546
2023-06-12 16:01:24 info: ==============TUVIEJA===================
2023-06-12 16:01:25 info: [0mOPTIONS /users/postThingy [32m204[0m 0.698 ms - 0[0m
2023-06-12 16:01:25 info: [0mPOST /users/postThingy [32m200[0m 11.768 ms - 21[0m
2023-06-12 16:02:20 info: =================================
2023-06-12 16:02:20 info: ======= ENV: development =======
2023-06-12 16:02:20 info: 🚀 App listening on the port 8546
2023-06-12 16:02:20 info: ==============TUVIEJA===================
2023-06-12 16:03:02 info: [0mOPTIONS /users/postThingy [32m204[0m 1.139 ms - 0[0m
2023-06-12 16:03:02 info: [0mPOST /users/postThingy [32m200[0m 20.641 ms - 21[0m
2023-06-12 16:06:38 info: =================================
2023-06-12 16:06:38 info: ======= ENV: development =======
2023-06-12 16:06:38 info: 🚀 App listening on the port 8546
2023-06-12 16:06:38 info: ==============TUVIEJA===================
2023-06-12 16:06:41 info: [0mOPTIONS /users/postThingy [32m204[0m 0.724 ms - 0[0m
2023-06-12 16:06:41 info: [0mPOST /users/postThingy [32m200[0m 18.237 ms - 21[0m
2023-06-12 16:09:53 info: =================================
2023-06-12 16:09:53 info: ======= ENV: development =======
2023-06-12 16:09:53 info: 🚀 App listening on the port 8546
2023-06-12 16:09:53 info: ==============TUVIEJA===================
2023-06-12 16:10:12 info: [0mOPTIONS /users/postThingy [32m204[0m 0.950 ms - 0[0m
2023-06-12 16:10:12 info: [0mPOST /users/postThingy [32m200[0m 7.192 ms - 21[0m
2023-06-12 16:15:22 info: =================================
2023-06-12 16:15:22 info: ======= ENV: development =======
2023-06-12 16:15:22 info: 🚀 App listening on the port 8546
2023-06-12 16:15:22 info: ==============TUVIEJA===================
2023-06-12 16:15:24 info: [0mOPTIONS /users/postThingy [32m204[0m 0.583 ms - 0[0m
2023-06-12 16:15:24 info: [0mPOST /users/postThingy [32m200[0m 6.769 ms - 38[0m
2023-06-12 16:16:11 info: =================================
2023-06-12 16:16:11 info: ======= ENV: development =======
2023-06-12 16:16:11 info: 🚀 App listening on the port 8546
2023-06-12 16:16:11 info: ==============TUVIEJA===================
2023-06-12 16:16:13 info: [0mOPTIONS /users/postThingy [32m204[0m 0.577 ms - 0[0m
2023-06-12 16:16:13 info: [0mPOST /users/postThingy [32m200[0m 7.893 ms - 38[0m
2023-06-12 16:17:21 info: =================================
2023-06-12 16:17:21 info: ======= ENV: development =======
2023-06-12 16:17:21 info: 🚀 App listening on the port 8546
2023-06-12 16:17:21 info: ==============TUVIEJA===================
2023-06-12 16:17:24 info: [0mOPTIONS /users/postThingy [32m204[0m 0.591 ms - 0[0m
2023-06-12 16:17:24 info: [0mPOST /users/postThingy [32m200[0m 13.388 ms - 38[0m
2023-06-12 16:18:57 info: =================================
2023-06-12 16:18:57 info: ======= ENV: development =======
2023-06-12 16:18:57 info: 🚀 App listening on the port 8546
2023-06-12 16:18:57 info: ==============TUVIEJA===================
2023-06-12 16:19:00 info: [0mOPTIONS /users/postThingy [32m204[0m 0.580 ms - 0[0m
2023-06-12 16:19:00 info: [0mPOST /users/postThingy [32m200[0m 12.975 ms - 38[0m
2023-06-12 16:19:24 info: =================================
2023-06-12 16:19:24 info: ======= ENV: development =======
2023-06-12 16:19:24 info: 🚀 App listening on the port 8546
2023-06-12 16:19:24 info: ==============TUVIEJA===================
2023-06-12 16:19:26 info: [0mOPTIONS /users/postThingy [32m204[0m 0.709 ms - 0[0m
2023-06-12 16:19:26 info: [0mPOST /users/postThingy [32m200[0m 12.592 ms - 38[0m
2023-06-12 16:20:37 info: =================================
2023-06-12 16:20:37 info: ======= ENV: development =======
2023-06-12 16:20:37 info: 🚀 App listening on the port 8546
2023-06-12 16:20:37 info: ==============TUVIEJA===================
2023-06-12 16:20:52 info: [0mOPTIONS /users/postThingy [32m204[0m 0.656 ms - 0[0m
2023-06-12 16:20:52 info: [0mPOST /users/postThingy [32m200[0m 12.961 ms - 38[0m
2023-06-12 16:21:15 info: =================================
2023-06-12 16:21:15 info: ======= ENV: development =======
2023-06-12 16:21:15 info: 🚀 App listening on the port 8546
2023-06-12 16:21:15 info: ==============TUVIEJA===================
2023-06-12 16:21:17 info: [0mOPTIONS /users/postThingy [32m204[0m 0.585 ms - 0[0m
2023-06-12 16:21:17 info: [0mPOST /users/postThingy [32m200[0m 16.980 ms - 38[0m
2023-06-12 16:22:45 info: =================================
2023-06-12 16:22:45 info: ======= ENV: development =======
2023-06-12 16:22:45 info: 🚀 App listening on the port 8546
2023-06-12 16:22:45 info: ==============TUVIEJA===================
2023-06-12 16:22:48 info: [0mOPTIONS /users/postThingy [32m204[0m 0.842 ms - 0[0m
2023-06-12 16:22:48 info: [0mPOST /users/postThingy [32m200[0m 19.272 ms - 38[0m
2023-06-12 16:23:54 info: =================================
2023-06-12 16:23:54 info: ======= ENV: development =======
2023-06-12 16:23:54 info: 🚀 App listening on the port 8546
2023-06-12 16:23:54 info: ==============TUVIEJA===================
2023-06-12 16:23:59 info: [0mOPTIONS /users/postThingy [32m204[0m 0.790 ms - 0[0m
2023-06-12 16:23:59 info: [0mPOST /users/postThingy [32m200[0m 13.344 ms - 38[0m
2023-06-12 16:24:16 info: =================================
2023-06-12 16:24:16 info: ======= ENV: development =======
2023-06-12 16:24:16 info: 🚀 App listening on the port 8546
2023-06-12 16:24:16 info: ==============TUVIEJA===================
2023-06-12 16:24:19 info: [0mOPTIONS /users/postThingy [32m204[0m 0.689 ms - 0[0m
2023-06-12 16:24:19 info: [0mPOST /users/postThingy [32m200[0m 13.714 ms - 38[0m
2023-06-12 16:27:37 info: =================================
2023-06-12 16:27:37 info: ======= ENV: development =======
2023-06-12 16:27:37 info: 🚀 App listening on the port 8546
2023-06-12 16:27:37 info: ==============TUVIEJA===================
2023-06-12 16:27:38 info: [0mOPTIONS /users/postThingy [32m204[0m 0.589 ms - 0[0m
2023-06-12 16:27:38 info: [0mPOST /users/postThingy [32m200[0m 12.330 ms - 38[0m
2023-06-12 16:28:32 info: =================================
2023-06-12 16:28:32 info: ======= ENV: development =======
2023-06-12 16:28:32 info: 🚀 App listening on the port 8546
2023-06-12 16:28:32 info: ==============TUVIEJA===================
2023-06-12 16:28:37 info: [0mOPTIONS /users/postThingy [32m204[0m 0.587 ms - 0[0m
2023-06-12 16:28:37 info: [0mPOST /users/postThingy [32m200[0m 7.342 ms - 38[0m
2023-06-12 20:29:16 info: =================================
2023-06-12 20:29:16 info: ======= ENV: development =======
2023-06-12 20:29:16 info: 🚀 App listening on the port 8546
2023-06-12 20:29:16 info: ==============TUVIEJA===================
2023-06-12 20:29:55 info: =================================
2023-06-12 20:29:55 info: ======= ENV: development =======
2023-06-12 20:29:55 info: 🚀 App listening on the port 8546
2023-06-12 20:29:55 info: ==============TUVIEJA===================
2023-06-12 20:30:21 info: =================================
2023-06-12 20:30:21 info: ======= ENV: development =======
2023-06-12 20:30:21 info: 🚀 App listening on the port 8546
2023-06-12 20:30:21 info: ==============TUVIEJA===================
2023-06-12 20:30:40 info: =================================
2023-06-12 20:30:40 info: ======= ENV: development =======
2023-06-12 20:30:40 info: 🚀 App listening on the port 8546
2023-06-12 20:30:40 info: ==============TUVIEJA===================
2023-06-12 20:31:20 info: [0mOPTIONS /users/postThingy [32m204[0m 0.604 ms - 0[0m
2023-06-12 20:31:20 info: [0mPOST /users/postThingy [32m200[0m 10.149 ms - 38[0m
2023-06-12 20:35:29 info: =================================
2023-06-12 20:35:29 info: ======= ENV: development =======
2023-06-12 20:35:29 info: 🚀 App listening on the port 8546
2023-06-12 20:35:29 info: ==============TUVIEJA===================
2023-06-12 20:35:36 info: [0mOPTIONS /users/postThingy [32m204[0m 0.998 ms - 0[0m
2023-06-12 20:35:36 info: [0mPOST /users/postThingy [32m200[0m 11.934 ms - 38[0m
2023-06-12 20:39:53 info: =================================
2023-06-12 20:39:53 info: ======= ENV: development =======
2023-06-12 20:39:53 info: 🚀 App listening on the port 8546
2023-06-12 20:39:53 info: ==============TUVIEJA===================
2023-06-12 20:43:13 info: =================================
2023-06-12 20:43:13 info: ======= ENV: development =======
2023-06-12 20:43:13 info: 🚀 App listening on the port 8546
2023-06-12 20:43:13 info: ==============TUVIEJA===================
2023-06-12 20:44:05 info: =================================
2023-06-12 20:44:05 info: ======= ENV: development =======
2023-06-12 20:44:05 info: 🚀 App listening on the port 8546
2023-06-12 20:44:05 info: ==============TUVIEJA===================
2023-06-12 20:44:11 info: [0mOPTIONS /users/postThingy [32m204[0m 0.726 ms - 0[0m
2023-06-12 20:44:11 info: [0mPOST /users/postThingy [32m200[0m 8.814 ms - 38[0m
2023-06-12 20:45:19 info: =================================
2023-06-12 20:45:19 info: ======= ENV: development =======
2023-06-12 20:45:19 info: 🚀 App listening on the port 8546
2023-06-12 20:45:19 info: ==============TUVIEJA===================
2023-06-12 20:47:37 info: =================================
2023-06-12 20:47:37 info: ======= ENV: development =======
2023-06-12 20:47:37 info: 🚀 App listening on the port 8546
2023-06-12 20:47:37 info: ==============TUVIEJA===================
2023-06-12 20:47:41 info: [0mOPTIONS /users/postThingy [32m204[0m 0.597 ms - 0[0m
2023-06-12 20:47:41 info: [0mPOST /users/postThingy [32m200[0m 6.845 ms - 38[0m
2023-06-12 20:48:10 info: =================================
2023-06-12 20:48:10 info: ======= ENV: development =======
2023-06-12 20:48:10 info: 🚀 App listening on the port 8546
2023-06-12 20:48:10 info: ==============TUVIEJA===================
2023-06-12 20:48:12 info: [0mOPTIONS /users/postThingy [32m204[0m 0.585 ms - 0[0m
2023-06-12 20:48:12 info: [0mPOST /users/postThingy [32m200[0m 8.311 ms - 38[0m
2023-06-12 20:49:14 info: =================================
2023-06-12 20:49:14 info: ======= ENV: development =======
2023-06-12 20:49:14 info: 🚀 App listening on the port 8546
2023-06-12 20:49:14 info: ==============TUVIEJA===================
2023-06-12 20:49:25 info: [0mOPTIONS /users/postThingy [32m204[0m 0.607 ms - 0[0m
2023-06-12 20:49:25 info: [0mPOST /users/postThingy [32m200[0m 7.345 ms - 38[0m
2023-06-12 20:50:14 info: =================================
2023-06-12 20:50:14 info: ======= ENV: development =======
2023-06-12 20:50:14 info: 🚀 App listening on the port 8546
2023-06-12 20:50:14 info: ==============TUVIEJA===================
2023-06-12 20:50:20 info: [0mOPTIONS /users/postThingy [32m204[0m 1.064 ms - 0[0m
2023-06-12 20:50:20 info: [0mPOST /users/postThingy [32m200[0m 11.567 ms - 38[0m
2023-06-12 20:50:41 info: =================================
2023-06-12 20:50:41 info: ======= ENV: development =======
2023-06-12 20:50:41 info: 🚀 App listening on the port 8546
2023-06-12 20:50:41 info: ==============TUVIEJA===================
2023-06-12 20:50:46 info: [0mOPTIONS /users/postThingy [32m204[0m 0.586 ms - 0[0m
2023-06-12 20:50:46 info: [0mPOST /users/postThingy [32m200[0m 8.431 ms - 38[0m
2023-06-12 20:51:32 info: =================================
2023-06-12 20:51:32 info: ======= ENV: development =======
2023-06-12 20:51:32 info: 🚀 App listening on the port 8546
2023-06-12 20:51:32 info: ==============TUVIEJA===================
2023-06-12 20:51:45 info: [0mOPTIONS /users/postThingy [32m204[0m 1.036 ms - 0[0m
2023-06-12 20:51:45 info: [0mPOST /users/postThingy [32m200[0m 11.203 ms - 38[0m
2023-06-12 20:55:24 info: =================================
2023-06-12 20:55:24 info: ======= ENV: development =======
2023-06-12 20:55:24 info: 🚀 App listening on the port 8546
2023-06-12 20:55:24 info: ==============TUVIEJA===================
2023-06-12 20:56:26 info: =================================
2023-06-12 20:56:26 info: ======= ENV: development =======
2023-06-12 20:56:26 info: 🚀 App listening on the port 8546
2023-06-12 20:56:26 info: ==============TUVIEJA===================
2023-06-12 20:59:47 info: =================================
2023-06-12 20:59:47 info: ======= ENV: development =======
2023-06-12 20:59:47 info: 🚀 App listening on the port 8546
2023-06-12 20:59:47 info: ==============TUVIEJA===================
2023-06-12 21:06:26 info: =================================
2023-06-12 21:06:26 info: ======= ENV: development =======
2023-06-12 21:06:26 info: 🚀 App listening on the port 8546
2023-06-12 21:06:26 info: ==============TUVIEJA===================
2023-06-12 21:06:29 info: [0mOPTIONS /users/postThingy [32m204[0m 0.679 ms - 0[0m
2023-06-12 21:06:29 info: [0mPOST /users/postThingy [32m200[0m 6.891 ms - 21[0m
2023-06-12 21:07:27 info: =================================
2023-06-12 21:07:27 info: ======= ENV: development =======
2023-06-12 21:07:27 info: 🚀 App listening on the port 8546
2023-06-12 21:07:27 info: ==============TUVIEJA===================
2023-06-12 21:07:41 info: [0mOPTIONS /users/postThingy [32m204[0m 1.018 ms - 0[0m
2023-06-12 21:07:41 info: [0mPOST /users/postThingy [32m200[0m 11.203 ms - 21[0m
2023-06-12 21:09:04 info: =================================
2023-06-12 21:09:04 info: ======= ENV: development =======
2023-06-12 21:09:04 info: 🚀 App listening on the port 8546
2023-06-12 21:09:04 info: ==============TUVIEJA===================
2023-06-12 21:09:09 info: [0mOPTIONS /users/postThingy [32m204[0m 0.580 ms - 0[0m
2023-06-12 21:09:09 info: [0mPOST /users/postThingy [32m200[0m 6.808 ms - 21[0m
2023-06-12 21:10:16 info: =================================
2023-06-12 21:10:16 info: ======= ENV: development =======
2023-06-12 21:10:16 info: 🚀 App listening on the port 8546
2023-06-12 21:10:16 info: ==============TUVIEJA===================
2023-06-12 21:10:30 info: =================================
2023-06-12 21:10:30 info: ======= ENV: development =======
2023-06-12 21:10:30 info: 🚀 App listening on the port 8546
2023-06-12 21:10:30 info: ==============TUVIEJA===================
2023-06-12 21:10:39 info: =================================
2023-06-12 21:10:39 info: ======= ENV: development =======
2023-06-12 21:10:39 info: 🚀 App listening on the port 8546
2023-06-12 21:10:39 info: ==============TUVIEJA===================
2023-06-12 21:10:47 info: =================================
2023-06-12 21:10:47 info: ======= ENV: development =======
2023-06-12 21:10:47 info: 🚀 App listening on the port 8546
2023-06-12 21:10:47 info: ==============TUVIEJA===================
2023-06-12 21:10:51 info: [0mOPTIONS /users/postThingy [32m204[0m 0.649 ms - 0[0m
2023-06-12 21:10:51 info: [0mPOST /users/postThingy [32m200[0m 7.022 ms - 21[0m
2023-06-12 21:11:36 info: =================================
2023-06-12 21:11:36 info: ======= ENV: development =======
2023-06-12 21:11:36 info: 🚀 App listening on the port 8546
2023-06-12 21:11:36 info: ==============TUVIEJA===================
2023-06-12 21:11:37 info: [0mOPTIONS /users/postThingy [32m204[0m 0.699 ms - 0[0m
2023-06-12 21:11:37 info: [0mPOST /users/postThingy [32m200[0m 10.305 ms - 21[0m
2023-06-12 21:12:37 info: =================================
2023-06-12 21:12:37 info: ======= ENV: development =======
2023-06-12 21:12:37 info: 🚀 App listening on the port 8546
2023-06-12 21:12:37 info: ==============TUVIEJA===================
2023-06-12 21:12:43 info: [0mOPTIONS /users/postThingy [32m204[0m 0.599 ms - 0[0m
2023-06-12 21:12:43 info: [0mPOST /users/postThingy [32m200[0m 6.929 ms - 21[0m
2023-06-12 21:14:15 info: =================================
2023-06-12 21:14:15 info: ======= ENV: development =======
2023-06-12 21:14:15 info: 🚀 App listening on the port 8546
2023-06-12 21:14:15 info: ==============TUVIEJA===================
2023-06-12 21:14:18 info: [0mOPTIONS /users/postThingy [32m204[0m 0.675 ms - 0[0m
2023-06-12 21:14:18 info: [0mPOST /users/postThingy [32m200[0m 6.777 ms - 21[0m
2023-06-12 21:15:41 info: =================================
2023-06-12 21:15:41 info: ======= ENV: development =======
2023-06-12 21:15:41 info: 🚀 App listening on the port 8546
2023-06-12 21:15:41 info: ==============TUVIEJA===================
2023-06-12 21:15:48 info: [0mOPTIONS /users/postThingy [32m204[0m 0.586 ms - 0[0m
2023-06-12 21:15:48 info: [0mPOST /users/postThingy [32m200[0m 7.015 ms - 21[0m
2023-06-12 21:17:57 info: =================================
2023-06-12 21:17:57 info: ======= ENV: development =======
2023-06-12 21:17:57 info: 🚀 App listening on the port 8546
2023-06-12 21:17:57 info: ==============TUVIEJA===================
2023-06-12 21:18:34 info: =================================
2023-06-12 21:18:34 info: ======= ENV: development =======
2023-06-12 21:18:34 info: 🚀 App listening on the port 8546
2023-06-12 21:18:34 info: ==============TUVIEJA===================
2023-06-12 21:18:36 info: [0mOPTIONS /users/postThingy [32m204[0m 0.587 ms - 0[0m
2023-06-12 21:18:36 info: [0mPOST /users/postThingy [32m200[0m 6.831 ms - 21[0m
2023-06-12 21:20:28 info: =================================
2023-06-12 21:20:28 info: ======= ENV: development =======
2023-06-12 21:20:28 info: 🚀 App listening on the port 8546
2023-06-12 21:20:28 info: ==============TUVIEJA===================
2023-06-12 21:20:30 info: [0mOPTIONS /users/postThingy [32m204[0m 0.907 ms - 0[0m
2023-06-12 21:20:30 info: [0mPOST /users/postThingy [32m200[0m 14.109 ms - 21[0m
2023-06-12 21:28:42 info: [0mOPTIONS /users/postThingy [32m204[0m 0.127 ms - 0[0m
2023-06-12 21:28:42 info: [0mPOST /users/postThingy [32m200[0m 1.487 ms - 21[0m
2023-06-12 21:29:54 info: =================================
2023-06-12 21:29:54 info: ======= ENV: development =======
2023-06-12 21:29:54 info: 🚀 App listening on the port 8546
2023-06-12 21:29:54 info: ==============TUVIEJA===================
2023-06-12 21:29:57 info: [0mOPTIONS /users/postThingy [32m204[0m 0.593 ms - 0[0m
2023-06-12 21:29:57 info: [0mPOST /users/postThingy [32m200[0m 7.000 ms - 21[0m
2023-06-12 21:30:52 info: =================================
2023-06-12 21:30:52 info: ======= ENV: development =======
2023-06-12 21:30:52 info: 🚀 App listening on the port 8546
2023-06-12 21:30:52 info: ==============TUVIEJA===================
2023-06-12 21:31:28 info: =================================
2023-06-12 21:31:28 info: ======= ENV: development =======
2023-06-12 21:31:28 info: 🚀 App listening on the port 8546
2023-06-12 21:31:28 info: ==============TUVIEJA===================
2023-06-12 21:31:50 info: [0mOPTIONS /users/postThingy [32m204[0m 1.091 ms - 0[0m
2023-06-12 21:31:50 info: [0mPOST /users/postThingy [32m200[0m 11.463 ms - 21[0m
2023-06-12 21:32:36 info: =================================
2023-06-12 21:32:36 info: ======= ENV: development =======
2023-06-12 21:32:36 info: 🚀 App listening on the port 8546
2023-06-12 21:32:36 info: ==============TUVIEJA===================
2023-06-12 21:33:06 info: =================================
2023-06-12 21:33:06 info: ======= ENV: development =======
2023-06-12 21:33:06 info: 🚀 App listening on the port 8546
2023-06-12 21:33:06 info: ==============TUVIEJA===================
2023-06-12 21:33:11 info: [0mOPTIONS /users/postThingy [32m204[0m 0.634 ms - 0[0m
2023-06-12 21:33:11 info: [0mPOST /users/postThingy [32m200[0m 6.769 ms - 21[0m
